#
# A fatal error has been detected by the Java Runtime Environment:
#
#  EXCEPTION_ACCESS_VIOLATION (0xc0000005) at pc=0x00007ff80cb63949, pid=6876, tid=1708
#
# JRE version: Java(TM) SE Runtime Environment 18.9 (11.0.7+8) (build 11.0.7+8-LTS)
# Java VM: Java HotSpot(TM) 64-Bit Server VM 18.9 (11.0.7+8-LTS, mixed mode, tiered, compressed oops, g1 gc, windows-amd64)
# Problematic frame:
# V  [jvm.dll+0x6f3949]
#
# No core dump will be written. Minidumps are not enabled by default on client versions of Windows
#
# If you would like to submit a bug report, please visit:
#   https://bugreport.java.com/bugreport/crash.jsp
#

---------------  S U M M A R Y ------------

Command Line: -Dcom.sun.management.jmxremote -Dcom.sun.management.jmxremote.port=57941 -Dcom.sun.management.jmxremote.authenticate=false -Dcom.sun.management.jmxremote.ssl=false -Djava.rmi.server.hostname=localhost -Dspring.jmx.enabled=true -Dspring.application.admin.enabled=true -Xverify:none -XX:TieredStopAtLevel=1 -Dspring.boot.project.name=ecommerce -Dfile.encoding=UTF-8 com.rms2307.ecommerce.EcommerceApplication --spring.output.ansi.enabled=always

Host: Intel(R) Core(TM) i5-2450M CPU @ 2.50GHz, 4 cores, 5G,  Windows 10 , 64 bit Build 18362 (10.0.18362.900)
Time: Wed Jun 24 21:15:01 2020 Hora oficial do Brasil elapsed time: 1 seconds (0d 0h 0m 1s)

---------------  T H R E A D  ---------------

Current thread (0x0000024b9f29f800):  WatcherThread [stack: 0x000000c77ce00000,0x000000c77cf00000] [id=1708]

Stack: [0x000000c77ce00000,0x000000c77cf00000],  sp=0x000000c77ceff340,  free space=1020k
Native frames: (J=compiled Java code, j=interpreted, Vv=VM code, C=native code)
V  [jvm.dll+0x6f3949]
V  [jvm.dll+0x73fc7d]
V  [jvm.dll+0x765fe9]
V  [jvm.dll+0x75e875]
V  [kernel.appcore.dll+0x660b26]
C  [ucrtbase.dll+0x20e82]
C  [KERNEL32.DLL+0x17bd4]
C  [ntdll.dll+0x6ce51]


siginfo: EXCEPTION_ACCESS_VIOLATION (0xc0000005), reading address 0x0000000800000007


Register to memory mapping:

RIP=0x00007ff80cb63949 jvm.dll
RAX=0x0000024b9f2a65c0 points into unknown readable memory: 07 00 00 00 08 00 00 00
RBX=0x0 is NULL
RCX=0x0000000800000007 is an unknown value
RDX=0x0000000000000032 is an unknown value
RSP=0x000000c77ceff340 points into unknown readable memory: 00 f8 29 9f 4b 02 00 00
RBP=0x0000000000000002 is an unknown value
RSI=0x0000024b9f2a6550 points into unknown readable memory: 20 ed 27 9f 4b 02 00 00
RDI=0x0 is NULL
R8 =0x0 is NULL
R9 =0x0000024b88550b80 is at begin+0 in a stub
StubRoutines::atomic_cmpxchg_long [0x0000024b88550b80, 0x0000024b88550b89[ (9 bytes)
R10=0x00000000546c6148 is an unknown value
R11=0xfffffffff96b4dae is an unknown value
R12=0x0 is NULL
R13=0x0000024b9f29f800 points into unknown readable memory: 18 92 d7 0c f8 7f 00 00
R14=0x0000000000000032 is an unknown value
R15=0x0000024b9e685e00 points into unknown readable memory: 00 00 00 00 00 00 00 00


Registers:
RAX=0x0000024b9f2a65c0, RBX=0x0000000000000000, RCX=0x0000000800000007, RDX=0x0000000000000032
RSP=0x000000c77ceff340, RBP=0x0000000000000002, RSI=0x0000024b9f2a6550, RDI=0x0000000000000000
R8 =0x0000000000000000, R9 =0x0000024b88550b80, R10=0x00000000546c6148, R11=0xfffffffff96b4dae
R12=0x0000000000000000, R13=0x0000024b9f29f800, R14=0x0000000000000032, R15=0x0000024b9e685e00
RIP=0x00007ff80cb63949, EFLAGS=0x0000000000010202

Top of Stack: (sp=0x000000c77ceff340)
0x000000c77ceff340:   0000024b9f29f800 0000024b9f29f800
0x000000c77ceff350:   00002ca586ae4978 00007ff80caa42d9
0x000000c77ceff360:   00007ff80cf1abc8 00007ff80cbafc7d
0x000000c77ceff370:   0000000000000001 0000024b800011b0
0x000000c77ceff380:   0000024b800011b0 431bde82d7b634db
0x000000c77ceff390:   0000024b9e685e00 00002ca586ae4978
0x000000c77ceff3a0:   0000024b800011b0 00007ff80cbd5fe9
0x000000c77ceff3b0:   0000000000000001 0000000000000032
0x000000c77ceff3c0:   0000000000000032 0000000000000002
0x000000c77ceff3d0:   0000000000000000 0000000000000000
0x000000c77ceff3e0:   0000000000000000 0000000000000000
0x000000c77ceff3f0:   0000000000000000 0000000000000000
0x000000c77ceff400:   0000000000000000 0000000000000000
0x000000c77ceff410:   0000024b9f29f800 0000000000000000
0x000000c77ceff420:   0000000000100000 000000c77ceff7f0
0x000000c77ceff430:   000000c77ce00000 00007ff80cbce875 

Instructions: (pc=0x00007ff80cb63949)
0x00007ff80cb63929:   20 48 8b 35 67 23 3b 00 33 db 48 8b 06 39 18 7e
0x00007ff80cb63939:   27 48 89 7c 24 30 8b fb 48 8b 40 18 48 8b 0c 07
0x00007ff80cb63949:   48 8b 01 ff 50 08 48 8b 06 48 8d 7f 08 ff c3 3b
0x00007ff80cb63959:   18 7c e5 48 8b 7c 24 30 48 8b 5c 24 38 48 83 c4 


Stack slot to memory mapping:
stack at sp + 0 slots: 0x0000024b9f29f800 points into unknown readable memory: 18 92 d7 0c f8 7f 00 00
stack at sp + 1 slots: 0x0000024b9f29f800 points into unknown readable memory: 18 92 d7 0c f8 7f 00 00
stack at sp + 2 slots: 0x00002ca586ae4978 is an unknown value
stack at sp + 3 slots: 0x00007ff80caa42d9 jvm.dll
stack at sp + 4 slots: 0x00007ff80cf1abc8 jvm.dll
stack at sp + 5 slots: 0x00007ff80cbafc7d jvm.dll
stack at sp + 6 slots: 0x0000000000000001 is an unknown value
stack at sp + 7 slots: 0x0000024b800011b0 points into unknown readable memory: 01 00 00 00 00 00 00 00


---------------  P R O C E S S  ---------------

Threads class SMR info:
_java_thread_list=0x0000024b9f27e900, length=12, elements={
0x0000024b80004800, 0x0000024b801ce000, 0x0000024b801d1000, 0x0000024b9e114000,
0x0000024b9e114800, 0x0000024b9e11e800, 0x0000024b9e11f800, 0x0000024b9e0c0800,
0x0000024b9e34e800, 0x0000024b9f290000, 0x0000024b9f282800, 0x0000024b9f336800
}

Java Threads: ( => current thread )
  0x0000024b80004800 JavaThread "main" [_thread_in_Java, id=12984, stack(0x000000c77bb00000,0x000000c77bc00000)]
  0x0000024b801ce000 JavaThread "Reference Handler" daemon [_thread_blocked, id=5288, stack(0x000000c77c200000,0x000000c77c300000)]
  0x0000024b801d1000 JavaThread "Finalizer" daemon [_thread_blocked, id=2844, stack(0x000000c77c300000,0x000000c77c400000)]
  0x0000024b9e114000 JavaThread "Signal Dispatcher" daemon [_thread_blocked, id=6564, stack(0x000000c77c400000,0x000000c77c500000)]
  0x0000024b9e114800 JavaThread "Attach Listener" daemon [_thread_blocked, id=3392, stack(0x000000c77c500000,0x000000c77c600000)]
  0x0000024b9e11e800 JavaThread "C1 CompilerThread0" daemon [_thread_blocked, id=4048, stack(0x000000c77c600000,0x000000c77c700000)]
  0x0000024b9e11f800 JavaThread "Sweeper thread" daemon [_thread_blocked, id=5508, stack(0x000000c77c700000,0x000000c77c800000)]
  0x0000024b9e0c0800 JavaThread "Common-Cleaner" daemon [_thread_blocked, id=9488, stack(0x000000c77c800000,0x000000c77c900000)]
  0x0000024b9e34e800 JavaThread "Service Thread" daemon [_thread_blocked, id=4804, stack(0x000000c77c900000,0x000000c77ca00000)]
  0x0000024b9f290000 JavaThread "RMI TCP Accept-0" daemon [_thread_in_native, id=11996, stack(0x000000c77cb00000,0x000000c77cc00000)]
  0x0000024b9f282800 JavaThread "RMI TCP Accept-57941" daemon [_thread_in_native, id=5372, stack(0x000000c77cc00000,0x000000c77cd00000)]
  0x0000024b9f336800 JavaThread "RMI TCP Accept-0" daemon [_thread_in_native, id=12608, stack(0x000000c77cd00000,0x000000c77ce00000)]

Other Threads:
  0x0000024b801f7800 VMThread "VM Thread" [stack: 0x000000c77c100000,0x000000c77c200000] [id=4276]
=>0x0000024b9f29f800 WatcherThread [stack: 0x000000c77ce00000,0x000000c77cf00000] [id=1708]
  0x0000024b80019000 GCTaskThread "GC Thread#0" [stack: 0x000000c77bc00000,0x000000c77bd00000] [id=12388]
  0x0000024b9ed47800 GCTaskThread "GC Thread#1" [stack: 0x000000c77ca00000,0x000000c77cb00000] [id=11468]
  0x0000024b8003f800 ConcurrentGCThread "G1 Main Marker" [stack: 0x000000c77bd00000,0x000000c77be00000] [id=8804]
  0x0000024b80043800 ConcurrentGCThread "G1 Conc#0" [stack: 0x000000c77be00000,0x000000c77bf00000] [id=11208]
  0x0000024b800b7000 ConcurrentGCThread "G1 Refine#0" [stack: 0x000000c77bf00000,0x000000c77c000000] [id=6820]
  0x0000024b800ba000 ConcurrentGCThread "G1 Young RemSet Sampling" [stack: 0x000000c77c000000,0x000000c77c100000] [id=5424]

Threads with active compile tasks:

VM state:not at safepoint (normal execution)

VM Mutex/Monitor currently owned by a thread:  ([mutex/lock_event])
[0x0000024b800011b0] PeriodicTask_lock - owner thread: 0x0000024b9f29f800

Heap address: 0x00000000a1a00000, size: 1510 MB, Compressed Oops mode: 32-bit
Narrow klass base: 0x0000000000000000, Narrow klass shift: 3
Compressed class space size: 1073741824 Address: 0x0000000100000000

Heap:
 garbage-first heap   total 98304K, used 28526K [0x00000000a1a00000, 0x0000000100000000)
  region size 1024K, 13 young (13312K), 2 survivors (2048K)
 Metaspace       used 13740K, capacity 14098K, committed 14208K, reserved 1062912K
  class space    used 1437K, capacity 1578K, committed 1664K, reserved 1048576K
Heap Regions: E=young(eden), S=young(survivor), O=old, HS=humongous(starts), HC=humongous(continues), CS=collection set, F=free, A=archive, TAMS=top-at-mark-start (previous, next)
|   0|0x00000000a1a00000, 0x00000000a1b00000, 0x00000000a1b00000|100%|HS|  |TAMS 0x00000000a1a00000, 0x00000000a1a00000| Complete 
|   1|0x00000000a1b00000, 0x00000000a1c00000, 0x00000000a1c00000|100%| O|  |TAMS 0x00000000a1b00000, 0x00000000a1b00000| Untracked 
|   2|0x00000000a1c00000, 0x00000000a1d00000, 0x00000000a1d00000|100%| O|  |TAMS 0x00000000a1c00000, 0x00000000a1c00000| Untracked 
|   3|0x00000000a1d00000, 0x00000000a1e00000, 0x00000000a1e00000|100%| O|  |TAMS 0x00000000a1d00000, 0x00000000a1d00000| Untracked 
|   4|0x00000000a1e00000, 0x00000000a1f00000, 0x00000000a1f00000|100%| O|  |TAMS 0x00000000a1e00000, 0x00000000a1e00000| Untracked 
|   5|0x00000000a1f00000, 0x00000000a2000000, 0x00000000a2000000|100%| O|  |TAMS 0x00000000a1f00000, 0x00000000a1f00000| Untracked 
|   6|0x00000000a2000000, 0x00000000a2100000, 0x00000000a2100000|100%| O|  |TAMS 0x00000000a2000000, 0x00000000a2000000| Untracked 
|   7|0x00000000a2100000, 0x00000000a2200000, 0x00000000a2200000|100%| O|  |TAMS 0x00000000a2100000, 0x00000000a2100000| Untracked 
|   8|0x00000000a2200000, 0x00000000a2300000, 0x00000000a2300000|100%| O|  |TAMS 0x00000000a2200000, 0x00000000a2200000| Untracked 
|   9|0x00000000a2300000, 0x00000000a2400000, 0x00000000a2400000|100%| O|  |TAMS 0x00000000a2300000, 0x00000000a2300000| Untracked 
|  10|0x00000000a2400000, 0x00000000a2500000, 0x00000000a2500000|100%| O|  |TAMS 0x00000000a2400000, 0x00000000a2400000| Untracked 
|  11|0x00000000a2500000, 0x00000000a2600000, 0x00000000a2600000|100%| O|  |TAMS 0x00000000a2500000, 0x00000000a2500000| Untracked 
|  12|0x00000000a2600000, 0x00000000a2700000, 0x00000000a2700000|100%| O|  |TAMS 0x00000000a2600000, 0x00000000a2600000| Untracked 
|  13|0x00000000a2700000, 0x00000000a2800000, 0x00000000a2800000|100%| O|  |TAMS 0x00000000a2700000, 0x00000000a2700000| Untracked 
|  14|0x00000000a2800000, 0x00000000a2900000, 0x00000000a2900000|100%| O|  |TAMS 0x00000000a2800000, 0x00000000a2800000| Untracked 
|  15|0x00000000a2900000, 0x00000000a29dba00, 0x00000000a2a00000| 85%| O|  |TAMS 0x00000000a2900000, 0x00000000a2900000| Untracked 
|  16|0x00000000a2a00000, 0x00000000a2a00000, 0x00000000a2b00000|  0%| F|  |TAMS 0x00000000a2a00000, 0x00000000a2a00000| Untracked 
|  17|0x00000000a2b00000, 0x00000000a2b00000, 0x00000000a2c00000|  0%| F|  |TAMS 0x00000000a2b00000, 0x00000000a2b00000| Untracked 
|  18|0x00000000a2c00000, 0x00000000a2c00000, 0x00000000a2d00000|  0%| F|  |TAMS 0x00000000a2c00000, 0x00000000a2c00000| Untracked 
|  19|0x00000000a2d00000, 0x00000000a2d00000, 0x00000000a2e00000|  0%| F|  |TAMS 0x00000000a2d00000, 0x00000000a2d00000| Untracked 
|  20|0x00000000a2e00000, 0x00000000a2e00000, 0x00000000a2f00000|  0%| F|  |TAMS 0x00000000a2e00000, 0x00000000a2e00000| Untracked 
|  21|0x00000000a2f00000, 0x00000000a2f00000, 0x00000000a3000000|  0%| F|  |TAMS 0x00000000a2f00000, 0x00000000a2f00000| Untracked 
|  22|0x00000000a3000000, 0x00000000a3000000, 0x00000000a3100000|  0%| F|  |TAMS 0x00000000a3000000, 0x00000000a3000000| Untracked 
|  23|0x00000000a3100000, 0x00000000a3100000, 0x00000000a3200000|  0%| F|  |TAMS 0x00000000a3100000, 0x00000000a3100000| Untracked 
|  24|0x00000000a3200000, 0x00000000a3200000, 0x00000000a3300000|  0%| F|  |TAMS 0x00000000a3200000, 0x00000000a3200000| Untracked 
|  25|0x00000000a3300000, 0x00000000a3300000, 0x00000000a3400000|  0%| F|  |TAMS 0x00000000a3300000, 0x00000000a3300000| Untracked 
|  26|0x00000000a3400000, 0x00000000a3400000, 0x00000000a3500000|  0%| F|  |TAMS 0x00000000a3400000, 0x00000000a3400000| Untracked 
|  27|0x00000000a3500000, 0x00000000a3500000, 0x00000000a3600000|  0%| F|  |TAMS 0x00000000a3500000, 0x00000000a3500000| Untracked 
|  28|0x00000000a3600000, 0x00000000a3600000, 0x00000000a3700000|  0%| F|  |TAMS 0x00000000a3600000, 0x00000000a3600000| Untracked 
|  29|0x00000000a3700000, 0x00000000a3700000, 0x00000000a3800000|  0%| F|  |TAMS 0x00000000a3700000, 0x00000000a3700000| Untracked 
|  30|0x00000000a3800000, 0x00000000a3800000, 0x00000000a3900000|  0%| F|  |TAMS 0x00000000a3800000, 0x00000000a3800000| Untracked 
|  31|0x00000000a3900000, 0x00000000a3900000, 0x00000000a3a00000|  0%| F|  |TAMS 0x00000000a3900000, 0x00000000a3900000| Untracked 
|  32|0x00000000a3a00000, 0x00000000a3a00000, 0x00000000a3b00000|  0%| F|  |TAMS 0x00000000a3a00000, 0x00000000a3a00000| Untracked 
|  33|0x00000000a3b00000, 0x00000000a3b00000, 0x00000000a3c00000|  0%| F|  |TAMS 0x00000000a3b00000, 0x00000000a3b00000| Untracked 
|  34|0x00000000a3c00000, 0x00000000a3c00000, 0x00000000a3d00000|  0%| F|  |TAMS 0x00000000a3c00000, 0x00000000a3c00000| Untracked 
|  35|0x00000000a3d00000, 0x00000000a3d00000, 0x00000000a3e00000|  0%| F|  |TAMS 0x00000000a3d00000, 0x00000000a3d00000| Untracked 
|  36|0x00000000a3e00000, 0x00000000a3e00000, 0x00000000a3f00000|  0%| F|  |TAMS 0x00000000a3e00000, 0x00000000a3e00000| Untracked 
|  37|0x00000000a3f00000, 0x00000000a3f00000, 0x00000000a4000000|  0%| F|  |TAMS 0x00000000a3f00000, 0x00000000a3f00000| Untracked 
|  38|0x00000000a4000000, 0x00000000a4000000, 0x00000000a4100000|  0%| F|  |TAMS 0x00000000a4000000, 0x00000000a4000000| Untracked 
|  39|0x00000000a4100000, 0x00000000a4100000, 0x00000000a4200000|  0%| F|  |TAMS 0x00000000a4100000, 0x00000000a4100000| Untracked 
|  40|0x00000000a4200000, 0x00000000a4200000, 0x00000000a4300000|  0%| F|  |TAMS 0x00000000a4200000, 0x00000000a4200000| Untracked 
|  41|0x00000000a4300000, 0x00000000a4300000, 0x00000000a4400000|  0%| F|  |TAMS 0x00000000a4300000, 0x00000000a4300000| Untracked 
|  42|0x00000000a4400000, 0x00000000a4400000, 0x00000000a4500000|  0%| F|  |TAMS 0x00000000a4400000, 0x00000000a4400000| Untracked 
|  43|0x00000000a4500000, 0x00000000a4500000, 0x00000000a4600000|  0%| F|  |TAMS 0x00000000a4500000, 0x00000000a4500000| Untracked 
|  44|0x00000000a4600000, 0x00000000a4600000, 0x00000000a4700000|  0%| F|  |TAMS 0x00000000a4600000, 0x00000000a4600000| Untracked 
|  45|0x00000000a4700000, 0x00000000a4700000, 0x00000000a4800000|  0%| F|  |TAMS 0x00000000a4700000, 0x00000000a4700000| Untracked 
|  46|0x00000000a4800000, 0x00000000a4800000, 0x00000000a4900000|  0%| F|  |TAMS 0x00000000a4800000, 0x00000000a4800000| Untracked 
|  47|0x00000000a4900000, 0x00000000a4900000, 0x00000000a4a00000|  0%| F|  |TAMS 0x00000000a4900000, 0x00000000a4900000| Untracked 
|  48|0x00000000a4a00000, 0x00000000a4a00000, 0x00000000a4b00000|  0%| F|  |TAMS 0x00000000a4a00000, 0x00000000a4a00000| Untracked 
|  49|0x00000000a4b00000, 0x00000000a4b00000, 0x00000000a4c00000|  0%| F|  |TAMS 0x00000000a4b00000, 0x00000000a4b00000| Untracked 
|  50|0x00000000a4c00000, 0x00000000a4c00000, 0x00000000a4d00000|  0%| F|  |TAMS 0x00000000a4c00000, 0x00000000a4c00000| Untracked 
|  51|0x00000000a4d00000, 0x00000000a4d00000, 0x00000000a4e00000|  0%| F|  |TAMS 0x00000000a4d00000, 0x00000000a4d00000| Untracked 
|  52|0x00000000a4e00000, 0x00000000a4e00000, 0x00000000a4f00000|  0%| F|  |TAMS 0x00000000a4e00000, 0x00000000a4e00000| Untracked 
|  53|0x00000000a4f00000, 0x00000000a4f00000, 0x00000000a5000000|  0%| F|  |TAMS 0x00000000a4f00000, 0x00000000a4f00000| Untracked 
|  54|0x00000000a5000000, 0x00000000a5000000, 0x00000000a5100000|  0%| F|  |TAMS 0x00000000a5000000, 0x00000000a5000000| Untracked 
|  55|0x00000000a5100000, 0x00000000a5100000, 0x00000000a5200000|  0%| F|  |TAMS 0x00000000a5100000, 0x00000000a5100000| Untracked 
|  56|0x00000000a5200000, 0x00000000a5200000, 0x00000000a5300000|  0%| F|  |TAMS 0x00000000a5200000, 0x00000000a5200000| Untracked 
|  57|0x00000000a5300000, 0x00000000a5300000, 0x00000000a5400000|  0%| F|  |TAMS 0x00000000a5300000, 0x00000000a5300000| Untracked 
|  58|0x00000000a5400000, 0x00000000a5400000, 0x00000000a5500000|  0%| F|  |TAMS 0x00000000a5400000, 0x00000000a5400000| Untracked 
|  59|0x00000000a5500000, 0x00000000a5500000, 0x00000000a5600000|  0%| F|  |TAMS 0x00000000a5500000, 0x00000000a5500000| Untracked 
|  60|0x00000000a5600000, 0x00000000a5600000, 0x00000000a5700000|  0%| F|  |TAMS 0x00000000a5600000, 0x00000000a5600000| Untracked 
|  61|0x00000000a5700000, 0x00000000a5700000, 0x00000000a5800000|  0%| F|  |TAMS 0x00000000a5700000, 0x00000000a5700000| Untracked 
|  62|0x00000000a5800000, 0x00000000a5800000, 0x00000000a5900000|  0%| F|  |TAMS 0x00000000a5800000, 0x00000000a5800000| Untracked 
|  63|0x00000000a5900000, 0x00000000a5900000, 0x00000000a5a00000|  0%| F|  |TAMS 0x00000000a5900000, 0x00000000a5900000| Untracked 
|  64|0x00000000a5a00000, 0x00000000a5a00000, 0x00000000a5b00000|  0%| F|  |TAMS 0x00000000a5a00000, 0x00000000a5a00000| Untracked 
|  65|0x00000000a5b00000, 0x00000000a5b00000, 0x00000000a5c00000|  0%| F|  |TAMS 0x00000000a5b00000, 0x00000000a5b00000| Untracked 
|  66|0x00000000a5c00000, 0x00000000a5c00000, 0x00000000a5d00000|  0%| F|  |TAMS 0x00000000a5c00000, 0x00000000a5c00000| Untracked 
|  67|0x00000000a5d00000, 0x00000000a5d00000, 0x00000000a5e00000|  0%| F|  |TAMS 0x00000000a5d00000, 0x00000000a5d00000| Untracked 
|  68|0x00000000a5e00000, 0x00000000a5e00000, 0x00000000a5f00000|  0%| F|  |TAMS 0x00000000a5e00000, 0x00000000a5e00000| Untracked 
|  69|0x00000000a5f00000, 0x00000000a5f00000, 0x00000000a6000000|  0%| F|  |TAMS 0x00000000a5f00000, 0x00000000a5f00000| Untracked 
|  70|0x00000000a6000000, 0x00000000a6000000, 0x00000000a6100000|  0%| F|  |TAMS 0x00000000a6000000, 0x00000000a6000000| Untracked 
|  71|0x00000000a6100000, 0x00000000a6100000, 0x00000000a6200000|  0%| F|  |TAMS 0x00000000a6100000, 0x00000000a6100000| Untracked 
|  72|0x00000000a6200000, 0x00000000a6200000, 0x00000000a6300000|  0%| F|  |TAMS 0x00000000a6200000, 0x00000000a6200000| Untracked 
|  73|0x00000000a6300000, 0x00000000a6300000, 0x00000000a6400000|  0%| F|  |TAMS 0x00000000a6300000, 0x00000000a6300000| Untracked 
|  74|0x00000000a6400000, 0x00000000a6400000, 0x00000000a6500000|  0%| F|  |TAMS 0x00000000a6400000, 0x00000000a6400000| Untracked 
|  75|0x00000000a6500000, 0x00000000a6500000, 0x00000000a6600000|  0%| F|  |TAMS 0x00000000a6500000, 0x00000000a6500000| Untracked 
|  76|0x00000000a6600000, 0x00000000a6600000, 0x00000000a6700000|  0%| F|  |TAMS 0x00000000a6600000, 0x00000000a6600000| Untracked 
|  77|0x00000000a6700000, 0x00000000a6700000, 0x00000000a6800000|  0%| F|  |TAMS 0x00000000a6700000, 0x00000000a6700000| Untracked 
|  78|0x00000000a6800000, 0x00000000a6800000, 0x00000000a6900000|  0%| F|  |TAMS 0x00000000a6800000, 0x00000000a6800000| Untracked 
|  79|0x00000000a6900000, 0x00000000a6900000, 0x00000000a6a00000|  0%| F|  |TAMS 0x00000000a6900000, 0x00000000a6900000| Untracked 
|  80|0x00000000a6a00000, 0x00000000a6a00000, 0x00000000a6b00000|  0%| F|  |TAMS 0x00000000a6a00000, 0x00000000a6a00000| Untracked 
|  81|0x00000000a6b00000, 0x00000000a6b00000, 0x00000000a6c00000|  0%| F|  |TAMS 0x00000000a6b00000, 0x00000000a6b00000| Untracked 
|  82|0x00000000a6c00000, 0x00000000a6c00000, 0x00000000a6d00000|  0%| F|  |TAMS 0x00000000a6c00000, 0x00000000a6c00000| Untracked 
|  83|0x00000000a6d00000, 0x00000000a6df4950, 0x00000000a6e00000| 95%| E|  |TAMS 0x00000000a6d00000, 0x00000000a6d00000| Complete 
|  84|0x00000000a6e00000, 0x00000000a6f00000, 0x00000000a6f00000|100%| E|CS|TAMS 0x00000000a6e00000, 0x00000000a6e00000| Complete 
|  85|0x00000000a6f00000, 0x00000000a7000000, 0x00000000a7000000|100%| E|CS|TAMS 0x00000000a6f00000, 0x00000000a6f00000| Complete 
|  86|0x00000000a7000000, 0x00000000a7100000, 0x00000000a7100000|100%| S|CS|TAMS 0x00000000a7000000, 0x00000000a7000000| Complete 
|  87|0x00000000a7100000, 0x00000000a7200000, 0x00000000a7200000|100%| S|CS|TAMS 0x00000000a7100000, 0x00000000a7100000| Complete 
|  88|0x00000000a7200000, 0x00000000a7300000, 0x00000000a7300000|100%| E|CS|TAMS 0x00000000a7200000, 0x00000000a7200000| Complete 
|  89|0x00000000a7300000, 0x00000000a7400000, 0x00000000a7400000|100%| E|CS|TAMS 0x00000000a7300000, 0x00000000a7300000| Complete 
|  90|0x00000000a7400000, 0x00000000a7500000, 0x00000000a7500000|100%| E|CS|TAMS 0x00000000a7400000, 0x00000000a7400000| Complete 
|  91|0x00000000a7500000, 0x00000000a7600000, 0x00000000a7600000|100%| E|CS|TAMS 0x00000000a7500000, 0x00000000a7500000| Complete 
|  92|0x00000000a7600000, 0x00000000a7700000, 0x00000000a7700000|100%| E|CS|TAMS 0x00000000a7600000, 0x00000000a7600000| Complete 
|  93|0x00000000a7700000, 0x00000000a7800000, 0x00000000a7800000|100%| E|CS|TAMS 0x00000000a7700000, 0x00000000a7700000| Complete 
|  94|0x00000000a7800000, 0x00000000a7900000, 0x00000000a7900000|100%| E|CS|TAMS 0x00000000a7800000, 0x00000000a7800000| Complete 
|  95|0x00000000a7900000, 0x00000000a7a00000, 0x00000000a7a00000|100%| E|CS|TAMS 0x00000000a7900000, 0x00000000a7900000| Complete 

Card table byte_map: [0x0000024b97e80000,0x0000024b98180000] _byte_map_base: 0x0000024b97973000

Marking Bits (Prev, Next): (CMBitMap*) 0x0000024b80038818, (CMBitMap*) 0x0000024b80038850
 Prev Bits: [0x0000024b98480000, 0x0000024b99c18000)
 Next Bits: [0x0000024b99c20000, 0x0000024b9b3b8000)

Polling page: 0x0000024b80200000

Metaspace:

Usage:
  Non-class:     12.29 MB capacity,    12.03 MB ( 98%) used,   232.30 KB (  2%) free+waste,    32.38 KB ( <1%) overhead. 
      Class:      1.54 MB capacity,     1.41 MB ( 91%) used,   120.28 KB (  8%) free+waste,    16.00 KB (  1%) overhead. 
       Both:     13.83 MB capacity,    13.44 MB ( 97%) used,   352.59 KB (  2%) free+waste,    48.38 KB ( <1%) overhead. 

Virtual space:
  Non-class space:       14.00 MB reserved,      12.50 MB ( 89%) committed 
      Class space:        1.00 GB reserved,       1.63 MB ( <1%) committed 
             Both:        1.01 GB reserved,      14.13 MB (  1%) committed 

Chunk freelists:
   Non-Class:  3.00 KB
       Class:  0 bytes
        Both:  3.00 KB

CodeHeap 'non-profiled nmethods': size=238912Kb used=1961Kb max_used=1961Kb free=236951Kb
 bounds [0x0000024b88c00000, 0x0000024b88e70000, 0x0000024b97550000]
CodeHeap 'non-nmethods': size=6848Kb used=1111Kb max_used=1111Kb free=5736Kb
 bounds [0x0000024b88550000, 0x0000024b887c0000, 0x0000024b88c00000]
 total_blobs=1763 nmethods=1333 adapters=340
 compilation: enabled
              stopped_count=0, restarted_count=0
 full_count=0

Compilation events (10 events):
Event: 1.941 Thread 0x0000024b9e11e800 nmethod 1127 0x0000024b88d84310 code [0x0000024b88d844c0, 0x0000024b88d84630]
Event: 1.941 Thread 0x0000024b9e11e800 1125       1       java.util.Collections$UnmodifiableCollection::<init> (22 bytes)
Event: 1.941 Thread 0x0000024b9e11e800 nmethod 1125 0x0000024b88d84710 code [0x0000024b88d848c0, 0x0000024b88d84af0]
Event: 1.941 Thread 0x0000024b9e11e800 1129       1       java.net.URI::match (56 bytes)
Event: 1.941 Thread 0x0000024b9e11e800 nmethod 1129 0x0000024b88d84b90 code [0x0000024b88d84d20, 0x0000024b88d84ef8]
Event: 1.942 Thread 0x0000024b9e11e800 1130       1       java.lang.Class::forName (47 bytes)
Event: 1.942 Thread 0x0000024b9e11e800 nmethod 1130 0x0000024b88d84f90 code [0x0000024b88d85160, 0x0000024b88d85390]
Event: 1.947 Thread 0x0000024b9e11e800 1131       1       jdk.internal.jimage.ImageStringsReader::hashCode (31 bytes)
Event: 1.947 Thread 0x0000024b9e11e800 nmethod 1131 0x0000024b88d85490 code [0x0000024b88d85660, 0x0000024b88d85800]
Event: 1.947 Thread 0x0000024b9e11e800 1132       1       jdk.internal.jimage.ImageStringsReader::charsFromByteBufferLength (47 bytes)

GC Heap History (4 events):
Event: 0.823 GC heap before
{Heap before GC invocations=0 (full 0):
 garbage-first heap   total 98304K, used 14336K [0x00000000a1a00000, 0x0000000100000000)
  region size 1024K, 14 young (14336K), 0 survivors (0K)
 Metaspace       used 6082K, capacity 6174K, committed 6272K, reserved 1056768K
  class space    used 538K, capacity 567K, committed 640K, reserved 1048576K
}
Event: 0.832 GC heap after
{Heap after GC invocations=1 (full 0):
 garbage-first heap   total 98304K, used 11771K [0x00000000a1a00000, 0x0000000100000000)
  region size 1024K, 2 young (2048K), 2 survivors (2048K)
 Metaspace       used 6082K, capacity 6174K, committed 6272K, reserved 1056768K
  class space    used 538K, capacity 567K, committed 640K, reserved 1048576K
}
Event: 1.000 GC heap before
{Heap before GC invocations=1 (full 0):
 garbage-first heap   total 98304K, used 18939K [0x00000000a1a00000, 0x0000000100000000)
  region size 1024K, 10 young (10240K), 2 survivors (2048K)
 Metaspace       used 8327K, capacity 8472K, committed 8576K, reserved 1056768K
  class space    used 822K, capacity 871K, committed 896K, reserved 1048576K
}
Event: 1.006 GC heap after
{Heap after GC invocations=2 (full 0):
 garbage-first heap   total 98304K, used 18286K [0x00000000a1a00000, 0x0000000100000000)
  region size 1024K, 2 young (2048K), 2 survivors (2048K)
 Metaspace       used 8327K, capacity 8472K, committed 8576K, reserved 1056768K
  class space    used 822K, capacity 871K, committed 896K, reserved 1048576K
}

Deoptimization events (0 events):
No events

Classes redefined (0 events):
No events

Internal exceptions (10 events):
Event: 1.153 Thread 0x0000024b80004800 Exception <a 'java/lang/NoSuchMethodError'{0x00000000a78f9038}: java.lang.invoke.DirectMethodHandle$Holder.invokeStaticInit(Ljava/lang/Object;IIII)Ljava/lang/Object;> (0x00000000a78f9038) thrown at [./open/src/hotspot/share/interpreter/linkResolver.cpp, l
Event: 1.808 Thread 0x0000024b80004800 Exception <a 'java/lang/NoSuchMethodError'{0x00000000a77bf1d8}: java.lang.invoke.DirectMethodHandle$Holder.invokeStatic(Ljava/lang/Object;Ljava/lang/Object;IIII)Ljava/lang/Object;> (0x00000000a77bf1d8) thrown at [./open/src/hotspot/share/interpreter/linkR
Event: 1.808 Thread 0x0000024b80004800 Exception <a 'java/lang/NoSuchMethodError'{0x00000000a77c2520}: java.lang.invoke.DirectMethodHandle$Holder.invokeStaticInit(Ljava/lang/Object;Ljava/lang/Object;IIII)Ljava/lang/Object;> (0x00000000a77c2520) thrown at [./open/src/hotspot/share/interpreter/l
Event: 1.824 Thread 0x0000024b80004800 Exception <a 'java/lang/ClassNotFoundException'{0x00000000a77dfa80}: javax/management/remote/rmi/RMIServerImpl_Skel> (0x00000000a77dfa80) thrown at [./open/src/hotspot/share/classfile/systemDictionary.cpp, line 228]
Event: 1.869 Thread 0x0000024b80004800 Exception <a 'java/lang/ClassNotFoundException'{0x00000000a76941b0}: jdk/internal/agent/resources/spi/agentProvider> (0x00000000a76941b0) thrown at [./open/src/hotspot/share/classfile/systemDictionary.cpp, line 228]
Event: 1.885 Thread 0x0000024b80004800 Exception <a 'java/lang/NoSuchMethodError'{0x00000000a76e9a68}: java.lang.invoke.DirectMethodHandle$Holder.invokeStatic(Ljava/lang/Object;Ljava/lang/Object;Ljava/lang/Object;Ljava/lang/Object;Ljava/lang/Object;Ljava/lang/Object;Ljava/lang/Object;Ljava/lan
Event: 1.888 Thread 0x0000024b80004800 Exception <a 'java/lang/NoSuchMethodError'{0x00000000a76f6288}: java.lang.invoke.DirectMethodHandle$Holder.invokeStatic(Ljava/lang/Object;Ljava/lang/Object;Ljava/lang/Object;Ljava/lang/Object;Ljava/lang/Object;Ljava/lang/Object;Ljava/lang/Object;Ljava/lan
Event: 1.891 Thread 0x0000024b80004800 Exception <a 'java/lang/NoSuchMethodError'{0x00000000a7510210}: java.lang.invoke.DelegatingMethodHandle$Holder.reinvoke_L(Ljava/lang/Object;ILjava/lang/Object;)Ljava/lang/Object;> (0x00000000a7510210) thrown at [./open/src/hotspot/share/interpreter/linkRe
Event: 1.938 Thread 0x0000024b80004800 Exception <a 'java/lang/ClassNotFoundException'{0x00000000a74e2a50}: javax/smartcardio/CardPermission> (0x00000000a74e2a50) thrown at [./open/src/hotspot/share/classfile/systemDictionary.cpp, line 228]
Event: 1.943 Thread 0x0000024b80004800 Exception <a 'java/io/FileNotFoundException'{0x00000000a74f0e28}> (0x00000000a74f0e28) thrown at [./open/src/hotspot/share/prims/jni.cpp, line 611]

Events (10 events):
Event: 1.946 loading class sun/net/www/MessageHeader
Event: 1.946 loading class sun/net/www/MessageHeader done
Event: 1.946 loading class java/io/FilePermissionCollection
Event: 1.946 loading class java/io/FilePermissionCollection done
Event: 1.946 loading class java/io/FilePermissionCollection$1
Event: 1.946 loading class java/io/FilePermissionCollection$1 done
Event: 1.946 loading class java/security/PermissionsEnumerator
Event: 1.946 loading class java/security/PermissionsEnumerator done
Event: 1.947 loading class java/security/AccessControlException
Event: 1.947 loading class java/security/AccessControlException done


Dynamic libraries:
0x00007ff74f640000 - 0x00007ff74f687000 	C:\Program Files\Java\jdk-11.0.7\bin\javaw.exe
0x00007ff850c40000 - 0x00007ff850e30000 	C:\WINDOWS\SYSTEM32\ntdll.dll
0x00007ff8506f0000 - 0x00007ff8507a2000 	C:\WINDOWS\System32\KERNEL32.DLL
0x00007ff84dd20000 - 0x00007ff84dfc4000 	C:\WINDOWS\System32\KERNELBASE.dll
0x00007ff84bd70000 - 0x00007ff84bdff000 	C:\WINDOWS\SYSTEM32\apphelp.dll
0x00007ff8000b0000 - 0x00007ff800542000 	C:\WINDOWS\SYSTEM32\AcLayers.DLL
0x00007ff850860000 - 0x00007ff8508fe000 	C:\WINDOWS\System32\msvcrt.dll
0x00007ff850a60000 - 0x00007ff850bf4000 	C:\WINDOWS\System32\USER32.dll
0x00007ff84e800000 - 0x00007ff84e821000 	C:\WINDOWS\System32\win32u.dll
0x00007ff850820000 - 0x00007ff850846000 	C:\WINDOWS\System32\GDI32.dll
0x00007ff84eb50000 - 0x00007ff84ece5000 	C:\WINDOWS\System32\gdi32full.dll
0x00007ff84dc80000 - 0x00007ff84dd1e000 	C:\WINDOWS\System32\msvcp_win.dll
0x00007ff84e980000 - 0x00007ff84ea7a000 	C:\WINDOWS\System32\ucrtbase.dll
0x00007ff84ed90000 - 0x00007ff84ede2000 	C:\WINDOWS\System32\SHLWAPI.dll
0x00007ff84ef50000 - 0x00007ff84f285000 	C:\WINDOWS\System32\combase.dll
0x00007ff850420000 - 0x00007ff850540000 	C:\WINDOWS\System32\RPCRT4.dll
0x00007ff84ead0000 - 0x00007ff84eb50000 	C:\WINDOWS\System32\bcryptPrimitives.dll
0x00007ff850100000 - 0x00007ff8501a3000 	C:\WINDOWS\System32\ADVAPI32.dll
0x00007ff84ecf0000 - 0x00007ff84ed87000 	C:\WINDOWS\System32\sechost.dll
0x0000024bfbbc0000 - 0x0000024bfbbc3000 	C:\WINDOWS\SYSTEM32\sfc.dll
0x00007ff844ae0000 - 0x00007ff844b69000 	C:\WINDOWS\SYSTEM32\WINSPOOL.DRV
0x00007ff84db10000 - 0x00007ff84db21000 	C:\WINDOWS\System32\kernel.appcore.dll
0x00007ff84dfd0000 - 0x00007ff84dff6000 	C:\WINDOWS\System32\bcrypt.dll
0x00007ff84ab50000 - 0x00007ff84ac40000 	C:\WINDOWS\SYSTEM32\PROPSYS.dll
0x00007ff84f980000 - 0x00007ff84fa45000 	C:\WINDOWS\System32\OLEAUT32.dll
0x00007ff850220000 - 0x00007ff8502c9000 	C:\WINDOWS\System32\shcore.dll
0x00007ff84cfd0000 - 0x00007ff84d00a000 	C:\WINDOWS\SYSTEM32\IPHLPAPI.DLL
0x00007ff846d10000 - 0x00007ff846d21000 	C:\WINDOWS\SYSTEM32\sfc_os.DLL
0x00007ff850a30000 - 0x00007ff850a5e000 	C:\WINDOWS\System32\IMM32.DLL
0x00007ff84d590000 - 0x00007ff84d5c6000 	C:\WINDOWS\system32\DriverStore\FileRepository\nvdmi.inf_amd64_b79991c48f5211ac\nvinitx.dll
0x00007ff84d580000 - 0x00007ff84d58a000 	C:\WINDOWS\SYSTEM32\VERSION.dll
0x00007ff84f290000 - 0x00007ff84f976000 	C:\WINDOWS\System32\Shell32.dll
0x00007ff84ea80000 - 0x00007ff84eaca000 	C:\WINDOWS\System32\cfgmgr32.dll
0x00007ff84e000000 - 0x00007ff84e780000 	C:\WINDOWS\System32\windows.storage.dll
0x00007ff84dba0000 - 0x00007ff84dbc3000 	C:\WINDOWS\System32\profapi.dll
0x00007ff84db50000 - 0x00007ff84db9a000 	C:\WINDOWS\System32\powrprof.dll
0x00007ff84db00000 - 0x00007ff84db10000 	C:\WINDOWS\System32\UMPDC.dll
0x00007ff84e780000 - 0x00007ff84e797000 	C:\WINDOWS\System32\cryptsp.dll
0x000000005f210000 - 0x000000005f216000 	C:\Program Files\NVIDIA Corporation\CoProcManager\_etoured.dll
0x00007ff8468b0000 - 0x00007ff8468f3000 	C:\Program Files\NVIDIA Corporation\CoProcManager\nvd3d9wrapx.dll
0x00007ff84fb50000 - 0x00007ff84ffc0000 	C:\WINDOWS\System32\SETUPAPI.dll
0x00007ff84c720000 - 0x00007ff84c740000 	C:\WINDOWS\SYSTEM32\dxcore.dll
0x00007ff846880000 - 0x00007ff8468ad000 	C:\Program Files\NVIDIA Corporation\CoProcManager\nvdxgiwrapx.dll
0x00007ff8437f0000 - 0x00007ff843a74000 	C:\WINDOWS\WinSxS\amd64_microsoft.windows.common-controls_6595b64144ccf1df_6.0.18362.900_none_e6beb9d913147d17\COMCTL32.dll
0x00007ff8244b0000 - 0x00007ff8244c6000 	C:\Program Files\Java\jdk-11.0.7\bin\vcruntime140.dll
0x00007ff820aa0000 - 0x00007ff820b4a000 	C:\Program Files\Java\jdk-11.0.7\bin\msvcp140.dll
0x00007ff80c470000 - 0x00007ff80cfd1000 	C:\Program Files\Java\jdk-11.0.7\bin\server\jvm.dll
0x00007ff84fae0000 - 0x00007ff84fae8000 	C:\WINDOWS\System32\PSAPI.DLL
0x00007ff84b110000 - 0x00007ff84b134000 	C:\WINDOWS\SYSTEM32\WINMM.dll
0x00007ff81a800000 - 0x00007ff81a809000 	C:\WINDOWS\SYSTEM32\WSOCK32.dll
0x00007ff84fa70000 - 0x00007ff84fadf000 	C:\WINDOWS\System32\WS2_32.dll
0x00007ff84b0e0000 - 0x00007ff84b10d000 	C:\WINDOWS\SYSTEM32\WINMMBASE.dll
0x00007ff847f00000 - 0x00007ff847f11000 	C:\Program Files\Java\jdk-11.0.7\bin\verify.dll
0x00007ff83f4a0000 - 0x00007ff83f694000 	C:\WINDOWS\SYSTEM32\DBGHELP.DLL
0x00007ff83f320000 - 0x00007ff83f34a000 	C:\WINDOWS\SYSTEM32\dbgcore.DLL
0x00007ff839990000 - 0x00007ff8399b9000 	C:\Program Files\Java\jdk-11.0.7\bin\java.dll
0x00007ff849c50000 - 0x00007ff849c5a000 	C:\Program Files\Java\jdk-11.0.7\bin\jimage.dll
0x00007ff8357c0000 - 0x00007ff8357d6000 	C:\Program Files\Java\jdk-11.0.7\bin\zip.dll
0x00007ff8357a0000 - 0x00007ff8357b9000 	C:\Program Files\Java\jdk-11.0.7\bin\net.dll
0x00007ff8470d0000 - 0x00007ff8471c0000 	C:\WINDOWS\SYSTEM32\WINHTTP.dll
0x00007ff84d320000 - 0x00007ff84d387000 	C:\WINDOWS\system32\mswsock.dll
0x00007ff82e920000 - 0x00007ff82e933000 	C:\Program Files\Java\jdk-11.0.7\bin\nio.dll
0x00007ff8442d0000 - 0x00007ff8442d9000 	C:\Program Files\Java\jdk-11.0.7\bin\management.dll
0x00007ff8441d0000 - 0x00007ff8441dc000 	C:\Program Files\Java\jdk-11.0.7\bin\management_ext.dll
0x00007ff83ec90000 - 0x00007ff83eca6000 	C:\WINDOWS\system32\napinsp.dll
0x00007ff83e2a0000 - 0x00007ff83e2ba000 	C:\WINDOWS\system32\pnrpnsp.dll
0x00007ff84d060000 - 0x00007ff84d12b000 	C:\WINDOWS\SYSTEM32\DNSAPI.dll
0x00007ff8501b0000 - 0x00007ff8501b8000 	C:\WINDOWS\System32\NSI.dll
0x00007ff83e290000 - 0x00007ff83e29e000 	C:\WINDOWS\System32\winrnr.dll
0x00007ff8495c0000 - 0x00007ff8495dc000 	C:\WINDOWS\system32\NLAapi.dll
0x00007ff83e270000 - 0x00007ff83e285000 	C:\WINDOWS\system32\wshbth.dll
0x00007ff846f50000 - 0x00007ff846f5a000 	C:\Windows\System32\rasadhlp.dll
0x00007ff8494e0000 - 0x00007ff849557000 	C:\WINDOWS\System32\fwpuclnt.dll
0x00007ff84ce30000 - 0x00007ff84ce63000 	C:\WINDOWS\system32\rsaenh.dll
0x00007ff84da20000 - 0x00007ff84da45000 	C:\WINDOWS\SYSTEM32\USERENV.dll
0x00007ff84d4f0000 - 0x00007ff84d4fc000 	C:\WINDOWS\SYSTEM32\CRYPTBASE.dll
0x00007ff849700000 - 0x00007ff849716000 	C:\WINDOWS\SYSTEM32\dhcpcsvc6.DLL
0x00007ff8496e0000 - 0x00007ff8496fc000 	C:\WINDOWS\SYSTEM32\dhcpcsvc.DLL

dbghelp: loaded successfully - version: 4.0.5 - missing functions: none
symbol engine: initialized successfully - sym options: 0x614 - pdb path: .;C:\Program Files\Java\jdk-11.0.7\bin;C:\WINDOWS\SYSTEM32;C:\WINDOWS\system32\DriverStore\FileRepository\nvdmi.inf_amd64_b79991c48f5211ac;C:\Program Files\NVIDIA Corporation\CoProcManager;C:\WINDOWS\WinSxS\amd64_microsoft.windows.common-controls_6595b64144ccf1df_6.0.18362.900_none_e6beb9d913147d17;C:\Program Files\Java\jdk-11.0.7\bin\server

VM Arguments:
jvm_args: -Dcom.sun.management.jmxremote -Dcom.sun.management.jmxremote.port=57941 -Dcom.sun.management.jmxremote.authenticate=false -Dcom.sun.management.jmxremote.ssl=false -Djava.rmi.server.hostname=localhost -Dspring.jmx.enabled=true -Dspring.application.admin.enabled=true -Xverify:none -XX:TieredStopAtLevel=1 -Dspring.boot.project.name=ecommerce -Dfile.encoding=UTF-8 
java_command: com.rms2307.ecommerce.EcommerceApplication --spring.output.ansi.enabled=always
java_class_path (initial): C:\Users\Robson\Desktop\CURSOS\Java\ws-sts\ecommerce\target\classes;C:\Users\Robson\.m2\repository\org\springframework\boot\spring-boot-starter-web\2.3.1.RELEASE\spring-boot-starter-web-2.3.1.RELEASE.jar;C:\Users\Robson\.m2\repository\org\springframework\boot\spring-boot-starter\2.3.1.RELEASE\spring-boot-starter-2.3.1.RELEASE.jar;C:\Users\Robson\.m2\repository\org\springframework\boot\spring-boot-starter-logging\2.3.1.RELEASE\spring-boot-starter-logging-2.3.1.RELEASE.jar;C:\Users\Robson\.m2\repository\ch\qos\logback\logback-classic\1.2.3\logback-classic-1.2.3.jar;C:\Users\Robson\.m2\repository\ch\qos\logback\logback-core\1.2.3\logback-core-1.2.3.jar;C:\Users\Robson\.m2\repository\org\apache\logging\log4j\log4j-to-slf4j\2.13.3\log4j-to-slf4j-2.13.3.jar;C:\Users\Robson\.m2\repository\org\apache\logging\log4j\log4j-api\2.13.3\log4j-api-2.13.3.jar;C:\Users\Robson\.m2\repository\org\slf4j\jul-to-slf4j\1.7.30\jul-to-slf4j-1.7.30.jar;C:\Users\Robson\.m2\repository\jakarta\annotation\jakarta.annotation-api\1.3.5\jakarta.annotation-api-1.3.5.jar;C:\Users\Robson\.m2\repository\org\yaml\snakeyaml\1.26\snakeyaml-1.26.jar;C:\Users\Robson\.m2\repository\org\springframework\boot\spring-boot-starter-json\2.3.1.RELEASE\spring-boot-starter-json-2.3.1.RELEASE.jar;C:\Users\Robson\.m2\repository\com\fasterxml\jackson\datatype\jackson-datatype-jdk8\2.11.0\jackson-datatype-jdk8-2.11.0.jar;C:\Users\Robson\.m2\repository\com\fasterxml\jackson\datatype\jackson-datatype-jsr310\2.11.0\jackson-datatype-jsr310-2.11.0.jar;C:\Users\Robson\.m2\repository\com\fasterxml\jackson\module\jackson-module-parameter-names\2.11.0\jackson-module-parameter-names-2.11.0.jar;C:\Users\Robson\.m2\repository\org\springframework\boot\spring-boot-starter-tomcat\2.3.1.RELEASE\spring-boot-starter-tomcat-2.3.1.RELEASE.jar;C:\Users\Robson\.m2\repository\org\apache\tomcat\embed\tomcat-embed-core\9.0.36\tomcat-embed-core-9.0.36.jar;C:\Users\Robson\.m2\repository\org\glassfish\jakarta.el\3.0.3\j
Launcher Type: SUN_STANDARD

[Global flags]
     bool BytecodeVerificationLocal                = false                                     {product} {command line}
     bool BytecodeVerificationRemote               = false                                     {product} {command line}
     intx CICompilerCount                          = 3                                         {product} {ergonomic}
     uint ConcGCThreads                            = 1                                         {product} {ergonomic}
     uint G1ConcRefinementThreads                  = 4                                         {product} {ergonomic}
   size_t G1HeapRegionSize                         = 1048576                                   {product} {ergonomic}
    uintx GCDrainStackTargetSize                   = 64                                        {product} {ergonomic}
   size_t InitialHeapSize                          = 100663296                                 {product} {ergonomic}
     bool ManagementServer                         = true                                      {product} {command line}
   size_t MarkStackSize                            = 4194304                                   {product} {ergonomic}
   size_t MaxHeapSize                              = 1583349760                                {product} {ergonomic}
   size_t MaxNewSize                               = 950009856                                 {product} {ergonomic}
   size_t MinHeapDeltaBytes                        = 1048576                                   {product} {ergonomic}
    uintx NonNMethodCodeHeapSize                   = 6973028                                {pd product} {ergonomic}
    uintx NonProfiledCodeHeapSize                  = 244685212                              {pd product} {ergonomic}
    uintx ProfiledCodeHeapSize                     = 0                                      {pd product} {ergonomic}
    uintx ReservedCodeCacheSize                    = 251658240                              {pd product} {ergonomic}
     bool SegmentedCodeCache                       = true                                      {product} {ergonomic}
     intx TieredStopAtLevel                        = 1                                         {product} {command line}
     bool UseCompressedClassPointers               = true                                 {lp64_product} {ergonomic}
     bool UseCompressedOops                        = true                                 {lp64_product} {ergonomic}
     bool UseG1GC                                  = true                                      {product} {ergonomic}
     bool UseLargePagesIndividualAllocation        = false                                  {pd product} {ergonomic}

Logging:
Log output configuration:
 #0: stdout all=warning uptime,level,tags
 #1: stderr all=off uptime,level,tags

Environment Variables:
JAVA_HOME=C:\Program Files\Java\jdk-11.0.7
PATH=C:/Program Files/Java/jdk-11.0.7/bin/server;C:/Program Files/Java/jdk-11.0.7/bin;C:\WINDOWS\system32;C:\WINDOWS;C:\WINDOWS\System32\Wbem;C:\WINDOWS\System32\WindowsPowerShell\v1.0\;C:\Program Files (x86)\Intel\OpenCL SDK\2.0\bin\x86;C:\Program Files (x86)\Intel\OpenCL SDK\2.0\bin\x64;C:\WINDOWS\System32\OpenSSH\;C:\Program Files\nodejs\;C:\Users\Robson\Anaconda3\Scripts;C:\Program Files\Git\cmd;C:\Program Files\Microsoft SQL Server\120\Tools\Binn\;C:\Program Files\Microsoft SQL Server\Client SDK\ODBC\110\Tools\Binn\;C:\Program Files (x86)\Microsoft SQL Server\120\Tools\Binn\;C:\Program Files\Microsoft SQL Server\120\DTS\Binn\;C:\Program Files (x86)\Microsoft SQL Server\120\Tools\Binn\ManagementStudio\;C:\Program Files (x86)\Microsoft SQL Server\120\DTS\Binn\;C:\Program Files (x86)\NVIDIA Corporation\PhysX\Common;C:\Program Files\Java\jdk-11.0.7\bin;C:\Program Files\MongoDB\Server\4.2\bin;C:\xampp\mysql\bin;C:\Users\Robson\AppData\Local\Programs\Python\Python38\Scripts\;C:\Users\Robson\AppData\Local\Programs\Python\Python38\;C:\Users\Robson\AppData\Local\Programs\Python\Python37\Scripts\;C:\Users\Robson\AppData\Local\Programs\Python\Python37\;C:\Users\Robson\AppData\Local\Microsoft\WindowsApps;C:\Users\Robson\AppData\Roaming\npm;C:\Users\Robson\AppData\Local\Programs\Microsoft VS Code\bin;C:\Users\Robson\AppData\Local\Programs\Python\Python37\Scripts;C:\Program Files\heroku\bin;C:\sts-4.6.2.RELEASE;
USERNAME=Robson
OS=Windows_NT
PROCESSOR_IDENTIFIER=Intel64 Family 6 Model 42 Stepping 7, GenuineIntel



---------------  S Y S T E M  ---------------

OS: Windows 10 , 64 bit Build 18362 (10.0.18362.900)

CPU:total 4 (initial active 4) (2 cores per cpu, 2 threads per core) family 6 model 42 stepping 7, cmov, cx8, fxsr, mmx, sse, sse2, sse3, ssse3, sse4.1, sse4.2, popcnt, avx, aes, clmul, ht, tsc, tscinvbit

Memory: 4k page, system-wide physical 6038M (764M free)
TotalPageFile size 8949M (AvailPageFile size 1371M)
current process WorkingSet (physical memory assigned to process): 85M, peak: 85M
current process commit charge ("private bytes"): 193M, peak: 193M

vm_info: Java HotSpot(TM) 64-Bit Server VM (11.0.7+8-LTS) for windows-amd64 JRE (11.0.7+8-LTS), built on Mar 12 2020 02:04:32 by "mach5one" with MS VC++ 15.5 (VS2017)

END.
