#
# A fatal error has been detected by the Java Runtime Environment:
#
#  EXCEPTION_ACCESS_VIOLATION (0xc0000005) at pc=0x00007ff80cb63936, pid=1884, tid=5752
#
# JRE version: Java(TM) SE Runtime Environment 18.9 (11.0.7+8) (build 11.0.7+8-LTS)
# Java VM: Java HotSpot(TM) 64-Bit Server VM 18.9 (11.0.7+8-LTS, mixed mode, tiered, compressed oops, g1 gc, windows-amd64)
# Problematic frame:
# V  [jvm.dll+0x6f3936]
#
# No core dump will be written. Minidumps are not enabled by default on client versions of Windows
#
# If you would like to submit a bug report, please visit:
#   https://bugreport.java.com/bugreport/crash.jsp
#

---------------  S U M M A R Y ------------

Command Line: -Dcom.sun.management.jmxremote -Dcom.sun.management.jmxremote.port=50772 -Dcom.sun.management.jmxremote.authenticate=false -Dcom.sun.management.jmxremote.ssl=false -Djava.rmi.server.hostname=localhost -Dspring.jmx.enabled=true -Dspring.application.admin.enabled=true -Xverify:none -XX:TieredStopAtLevel=1 -Dspring.boot.project.name=ecommerce -Dfile.encoding=UTF-8 com.rms2307.ecommerce.EcommerceApplication --spring.output.ansi.enabled=always

Host: Intel(R) Core(TM) i5-2450M CPU @ 2.50GHz, 4 cores, 5G,  Windows 10 , 64 bit Build 18362 (10.0.18362.900)
Time: Wed Jun 24 22:56:02 2020 Hora oficial do Brasil elapsed time: 1 seconds (0d 0h 0m 1s)

---------------  T H R E A D  ---------------

Current thread (0x000001d2716ba800):  WatcherThread [stack: 0x0000001368600000,0x0000001368700000] [id=5752]

Stack: [0x0000001368600000,0x0000001368700000],  sp=0x00000013686ff3a0,  free space=1020k
Native frames: (J=compiled Java code, j=interpreted, Vv=VM code, C=native code)
V  [jvm.dll+0x6f3936]
V  [jvm.dll+0x73fc7d]
V  [jvm.dll+0x765fe9]
V  [jvm.dll+0x75e875]
V  [jvm.dll+0x660b26]
C  [ucrtbase.dll+0x20e82]
C  [KERNEL32.DLL+0x17bd4]
C  [ntdll.dll+0x6ce51]


siginfo: EXCEPTION_ACCESS_VIOLATION (0xc0000005), reading address 0x0000000400000003


Register to memory mapping:

RIP=0x00007ff80cb63936 jvm.dll
RAX=0x0000000400000003 is an unknown value
RBX=0x0 is NULL
RCX=0x000001d271633330 points into unknown readable memory: e8 4a d7 0c f8 7f 00 00
RDX=0x0000000000000032 is an unknown value
RSP=0x00000013686ff3a0 points into unknown readable memory: 00 a8 6b 71 d2 01 00 00
RBP=0x0000000000000002 is an unknown value
RSI=0x000001d271613b10 points into unknown readable memory: 03 00 00 00 04 00 00 00
RDI=0x0000000000000001 is an unknown value
R8 =0x0 is NULL
R9 =0x000001d25a900b80 is at begin+0 in a stub
StubRoutines::atomic_cmpxchg_long [0x000001d25a900b80, 0x000001d25a900b89[ (9 bytes)
R10=