#
# A fatal error has been detected by the Java Runtime Environment:
#
#  EXCEPTION_ACCESS_VIOLATION (0xc0000005) at pc=0x00007ff80cb6394c, pid=1500, tid=11204
#
# JRE version: Java(TM) SE Runtime Environment 18.9 (11.0.7+8) (build 11.0.7+8-LTS)
# Java VM: Java HotSpot(TM) 64-Bit Server VM 18.9 (11.0.7+8-LTS, mixed mode, tiered, compressed oops, g1 gc, windows-amd64)
# Problematic frame:
# V  [jvm.dll+0x6f394c]
#
# No core dump will be written. Minidumps are not enabled by default on client versions of Windows
#
# If you would like to submit a bug report, please visit:
#   https://bugreport.java.com/bugreport/crash.jsp
#

---------------  S U M M A R Y ------------

Command Line: -Dcom.sun.management.jmxremote -Dcom.sun.management.jmxremote.port=50992 -Dcom.sun.management.jmxremote.authenticate=false -Dcom.sun.management.jmxremote.ssl=false -Djava.rmi.server.hostname=localhost -Dspring.jmx.enabled=true -Dspring.application.admin.enabled=true -Xverify:none -XX:TieredStopAtLevel=1 -Dspring.boot.project.name=ecommerce -Dfile.encoding=UTF-8 com.rms2307.ecommerce.EcommerceApplication --spring.output.ansi.enabled=always

Host: Intel(R) Core(TM) i5-2450M CPU @ 2.50GHz, 4 cores, 5G,  Windows 10 , 64 bit Build 18362 (10.0.18362.900)
Time: Wed Jun 24 23:06:39 2020 Hora oficial do Brasil elapsed time: 2 seconds (0d 0h 0m 2s)

---------------  T H R E A D  ---------------

Current thread (0x000001147f311800):  WatcherThread [stack: 0x0000000159600000,0x0000000159700000] [id=11204]

Stack: [0x0000000159600000,0x0000000159700000],  sp=0x00000001596ff910,  free space=1022k
Native frames: (J=compiled Java code, j=interpreted, Vv=VM code, C=native code)
V  [jvm.dll+0x6f394c]
V  [jvm.dll+0x73fc7d]
V  [jvm.dll+0x765fe9]
V  [jvm.dll+0x75e875]
V  [jvm.dll+0x660b26]
C  [ucrtbase.dll+0x20e82]
C  [KERNEL32.DLL+0x17bd4]
C  [ntdll.dll+0x6ce51]


siginfo: EXCEPTION_ACCESS_VIOLATION (0xc0000005), reading address 0xffffffffffffffff


Register to memory mapping:

RIP=0x00007ff80cb6394c jvm.dll
RAX=0x0206030000000000 is an unknown value
RBX=0x0 is NULL
RCX=0x000001140000000f points into unknown readable memory: 00
RDX=0x0000000000000032 is an unknown value
RSP=0x00000001596ff910 points into unknown readable memory: 00 18 31 7f 14 01 00 00
RBP=0x0000000000000002 is an unknown value
RSI=0x000001147f2b82b0 points into unknown readable memory: 50 d3 30 7f 14 01 00 00
RDI=0x0 is NULL
R8 =0x0 is NULL
R9 =0x0000011468590b80 is at begin+0 in a stub
StubRoutines::atomic_cmpxchg_long [0x0000011468590b80, 0x0000011468590b89[ (9 bytes)
R10=0x00000000546c6148 is an unknown value
R11=0xfffffffff96b4dae is an unknown value
R12=0x0 is NULL
R13=0x000001147f311800 points into unknown readable memory: 18 92 d7 0c f8 7f 00 00
R14=0x0000000000000032 is an unknown value
R15=0x000001147e6360b0 points into unknown readable memory: 00 00 00 00 00 00 00 00


Registers:
RAX=0x0206030000000000, RBX=0x0000000000000000, RCX=0x000001140000000f, RDX=0x0000000000000032
RSP=0x00000001596ff910, RBP=0x0000000000000002, RSI=0x000001147f2b82b0, RDI=0x0000000000000000
R8 =0x0000000000000000, R9 =0x0000011468590b80, R10=0x00000000546c6148, R11=0xfffffffff96b4dae
R12=0x0000000000000000, R13=0x000001147f311800, R14=0x0000000000000032, R15=0x000001147e6360b0
RIP=0x00007ff80cb6394c, EFLAGS=0x0000000000010202

Top of Stack: (sp=0x00000001596ff910)
0x00000001596ff910:   000001147f311800 000001147f311800
0x00000001596ff920:   000032bc82b4eabc 00007ff80caa42d9
0x00000001596ff930:   00007ff80cf1abc8 00007ff80cbafc7d
0x00000001596ff940:   0000000000000001 0000011460063f40
0x00000001596ff950:   0000011460063f40 431bde82d7b634db
0x00000001596ff960:   000001147e6360b0 000032bc82b4eabc
0x00000001596ff970:   0000011460063f40 00007ff80cbd5fe9
0x00000001596ff980:   0000000000000001 0000000000000032
0x00000001596ff990:   0000000000000032 0000000000000002
0x00000001596ff9a0:   0000000000000000 0000000000000000
0x00000001596ff9b0:   0000000000000000 0000000000000000
0x00000001596ff9c0:   0000000000000000 0000000000000000
0x00000001596ff9d0:   0000000000000000 0000000000000000
0x00000001596ff9e0:   000001147f311800 0000000000000000
0x00000001596ff9f0:   0000000000100000 00000001596ffdc0
0x00000001596ffa00:   0000000159600000 00007ff80cbce875 

Instructions: (pc=0x00007ff80cb6394c)
0x00007ff80cb6392c:   35 67 23 3b 00 33 db 48 8b 06 39 18 7e 27 48 89
0x00007ff80cb6393c:   7c 24 30 8b fb 48 8b 40 18 48 8b 0c 07 48 8b 01
0x00007ff80cb6394c:   ff 50 08 48 8b 06 48 8d 7f 08 ff c3 3b 18 7c e5
0x00007ff80cb6395c:   48 8b 7c 24 30 48 8b 5c 24 38 48 83 c4 20 5e c3 


Stack slot to memory mapping:
stack at sp + 0 slots: 0x000001147f311800 points into unknown readable memory: 18 92 d7 0c f8 7f 00 00
stack at sp + 1 slots: 0x000001147f311800 points into unknown readable memory: 18 92 d7 0c f8 7f 00 00
stack at sp + 2 slots: 0x000032bc82b4eabc is an unknown value
stack at sp + 3 slots: 0x00007ff80caa42d9 jvm.dll
stack at sp + 4 slots: 0x00007ff80cf1abc8 jvm.dll
stack at sp + 5 slots: 0x00007ff80cbafc7d jvm.dll
stack at sp + 6 slots: 0x0000000000000001 is an unknown value
stack at sp + 7 slots: 0x0000011460063f40 points into unknown readable memory: 01 00 00 00 00 00 00 00


---------------  P R O C E S S  ---------------

Threads class SMR info:
_java_thread_list=0x000001147f30d1d0, length=12, elements={
0x000001145e88d800, 0x000001147e101000, 0x000001147e10c000, 0x000001146025b000,
0x000001146025c000, 0x000001147e152800, 0x000001147e158800, 0x00000114601e8000,
0x000001147e37b800, 0x000001147f324000, 0x000001147f305000, 0x000001147f2d3800
}

Java Threads: ( => current thread )
  0x000001145e88d800 JavaThread "main" [_thread_blocked, id=7208, stack(0x0000000158300000,0x0000000158400000)]
  0x000001147e101000 JavaThread "Reference Handler" daemon [_thread_blocked, id=4376, stack(0x0000000158a00000,0x0000000158b00000)]
  0x000001147e10c000 JavaThread "Finalizer" daemon [_thread_blocked, id=9912, stack(0x0000000158b00000,0x0000000158c00000)]
  0x000001146025b000 JavaThread "Signal Dispatcher" daemon [_thread_blocked, id=4828, stack(0x0000000158c00000,0x0000000158d00000)]
  0x000001146025c000 JavaThread "Attach Listener" daemon [_thread_blocked, id=4488, stack(0x0000000158d00000,0x0000000158e00000)]
  0x000001147e152800 JavaThread "C1 CompilerThread0" daemon [_thread_in_vm, id=12388, stack(0x0000000158e00000,0x0000000158f00000)]
  0x000001147e158800 JavaThread "Sweeper thread" daemon [_thread_blocked, id=10232, stack(0x0000000158f00000,0x0000000159000000)]
  0x00000114601e8000 JavaThread "Common-Cleaner" daemon [_thread_blocked, id=8596, stack(0x0000000159000000,0x0000000159100000)]
  0x000001147e37b800 JavaThread "Service Thread" daemon [_thread_blocked, id=9468, stack(0x0000000159100000,0x0000000159200000)]
  0x000001147f324000 JavaThread "RMI TCP Accept-0" daemon [_thread_in_native, id=11396, stack(0x0000000159300000,0x0000000159400000)]
  0x000001147f305000 JavaThread "RMI TCP Accept-50992" daemon [_thread_in_native, id=12076, stack(0x0000000159400000,0x0000000159500000)]
  0x000001147f2d3800 JavaThread "RMI TCP Accept-0" daemon [_thread_in_native, id=8936, stack(0x0000000159500000,0x0000000159600000)]

Other Threads:
  0x0000011460252000 VMThread "VM Thread" [stack: 0x0000000158900000,0x0000000158a00000] [id=12680]
=>0x000001147f311800 WatcherThread [stack: 0x0000000159600000,0x0000000159700000] [id=11204]
  0x0000011460079800 GCTaskThread "GC Thread#0" [stack: 0x0000000158400000,0x0000000158500000] [id=10300]
  0x000001147ed8c800 GCTaskThread "GC Thread#1" [stack: 0x0000000159200000,0x0000000159300000] [id=12840]
  0x000001146009f000 ConcurrentGCThread "G1 Main Marker" [stack: 0x0000000158500000,0x0000000158600000] [id=9424]
  0x00000114600a0800 ConcurrentGCThread "G1 Conc#0" [stack: 0x0000000158600000,0x0000000158700000] [id=10628]
  0x0000011460116000 ConcurrentGCThread "G1 Refine#0" [stack: 0x0000000158700000,0x0000000158800000] [id=10436]
  0x0000011460119000 ConcurrentGCThread "G1 Young RemSet Sampling" [stack: 0x0000000158800000,0x0000000158900000] [id=12772]

Threads with active compile tasks:
C1 CompilerThread01079       1       java.lang.StringCoding$Result::with (12 bytes)

VM state:synchronizing (normal execution)

VM Mutex/Monitor currently owned by a thread:  ([mutex/lock_event])
[0x00000114600616c0] Threads_lock - owner thread: 0x0000011460252000
[0x00000114600604c0] Compile_lock - owner thread: 0x000001145e88d800
[0x0000011460063f40] PeriodicTask_lock - owner thread: 0x000001147f311800

Heap address: 0x00000000a1a00000, size: 1510 MB, Compressed Oops mode: 32-bit
Narrow klass base: 0x0000000000000000, Narrow klass shift: 3
Compressed class space size: 1073741824 Address: 0x0000000100000000

Heap:
 garbage-first heap   total 98304K, used 29692K [0x00000000a1a00000, 0x0000000100000000)
  region size 1024K, 13 young (13312K), 1 survivors (1024K)
 Metaspace       used 13620K, capacity 13979K, committed 14080K, reserved 1062912K
  class space    used 1417K, capacity 1536K, committed 1536K, reserved 1048576K
Heap Regions: E=young(eden), S=young(survivor), O=old, HS=humongous(starts), HC=humongous(continues), CS=collection set, F=free, A=archive, TAMS=top-at-mark-start (previous, next)
|   0|0x00000000a1a00000, 0x00000000a1b00000, 0x00000000a1b00000|100%|HS|  |TAMS 0x00000000a1a00000, 0x00000000a1a00000| Complete 
|   1|0x00000000a1b00000, 0x00000000a1c00000, 0x00000000a1c00000|100%| O|  |TAMS 0x00000000a1b00000, 0x00000000a1b00000| Untracked 
|   2|0x00000000a1c00000, 0x00000000a1d00000, 0x00000000a1d00000|100%| O|  |TAMS 0x00000000a1c00000, 0x00000000a1c00000| Untracked 
|   3|0x00000000a1d00000, 0x00000000a1e00000, 0x00000000a1e00000|100%| O|  |TAMS 0x00000000a1d00000, 0x00000000a1d00000| Untracked 
|   4|0x00000000a1e00000, 0x00000000a1f00000, 0x00000000a1f00000|100%| O|  |TAMS 0x00000000a1e00000, 0x00000000a1e00000| Untracked 
|   5|0x00000000a1f00000, 0x00000000a2000000, 0x00000000a2000000|100%| O|  |TAMS 0x00000000a1f00000, 0x00000000a1f00000| Untracked 
|   6|0x00000000a2000000, 0x00000000a2100000, 0x00000000a2100000|100%| O|  |TAMS 0x00000000a2000000, 0x00000000a2000000| Untracked 
|   7|0x00000000a2100000, 0x00000000a2200000, 0x00000000a2200000|100%| O|  |TAMS 0x00000000a2100000, 0x00000000a2100000| Untracked 
|   8|0x00000000a2200000, 0x00000000a2300000, 0x00000000a2300000|100%| O|  |TAMS 0x00000000a2200000, 0x00000000a2200000| Untracked 
|   9|0x00000000a2300000, 0x00000000a2400000, 0x00000000a2400000|100%| O|  |TAMS 0x00000000a2300000, 0x00000000a2300000| Untracked 
|  10|0x00000000a2400000, 0x00000000a2500000, 0x00000000a2500000|100%| O|  |TAMS 0x00000000a2400000, 0x00000000a2400000| Untracked 
|  11|0x00000000a2500000, 0x00000000a2600000, 0x00000000a2600000|100%| O|  |TAMS 0x00000000a2500000, 0x00000000a2500000| Untracked 
|  12|0x00000000a2600000, 0x00000000a2700000, 0x00000000a2700000|100%| O|  |TAMS 0x00000000a2600000, 0x00000000a2600000| Untracked 
|  13|0x00000000a2700000, 0x00000000a2800000, 0x00000000a2800000|100%| O|  |TAMS 0x00000000a2700000, 0x00000000a2700000| Untracked 
|  14|0x00000000a2800000, 0x00000000a2900000, 0x00000000a2900000|100%| O|  |TAMS 0x00000000a2800000, 0x00000000a2800000| Untracked 
|  15|0x00000000a2900000, 0x00000000a2a00000, 0x00000000a2a00000|100%| O|  |TAMS 0x00000000a2900000, 0x00000000a2900000| Untracked 
|  16|0x00000000a2a00000, 0x00000000a2aff000, 0x00000000a2b00000| 99%| O|  |TAMS 0x00000000a2a00000, 0x00000000a2a00000| Untracked 
|  17|0x00000000a2b00000, 0x00000000a2b00000, 0x00000000a2c00000|  0%| F|  |TAMS 0x00000000a2b00000, 0x00000000a2b00000| Untracked 
|  18|0x00000000a2c00000, 0x00000000a2c00000, 0x00000000a2d00000|  0%| F|  |TAMS 0x00000000a2c00000, 0x00000000a2c00000| Untracked 
|  19|0x00000000a2d00000, 0x00000000a2d00000, 0x00000000a2e00000|  0%| F|  |TAMS 0x00000000a2d00000, 0x00000000a2d00000| Untracked 
|  20|0x00000000a2e00000, 0x00000000a2e00000, 0x00000000a2f00000|  0%| F|  |TAMS 0x00000000a2e00000, 0x00000000a2e00000| Untracked 
|  21|0x00000000a2f00000, 0x00000000a2f00000, 0x00000000a3000000|  0%| F|  |TAMS 0x00000000a2f00000, 0x00000000a2f00000| Untracked 
|  22|0x00000000a3000000, 0x00000000a3000000, 0x00000000a3100000|  0%| F|  |TAMS 0x00000000a3000000, 0x00000000a3000000| Untracked 
|  23|0x00000000a3100000, 0x00000000a3100000, 0x00000000a3200000|  0%| F|  |TAMS 0x00000000a3100000, 0x00000000a3100000| Untracked 
|  24|0x00000000a3200000, 0x00000000a3200000, 0x00000000a3300000|  0%| F|  |TAMS 0x00000000a3200000, 0x00000000a3200000| Untracked 
|  25|0x00000000a3300000, 0x00000000a3300000, 0x00000000a3400000|  0%| F|  |TAMS 0x00000000a3300000, 0x00000000a3300000| Untracked 
|  26|0x00000000a3400000, 0x00000000a3400000, 0x00000000a3500000|  0%| F|  |TAMS 0x00000000a3400000, 0x00000000a3400000| Untracked 
|  27|0x00000000a3500000, 0x00000000a3500000, 0x00000000a3600000|  0%| F|  |TAMS 0x00000000a3500000, 0x00000000a3500000| Untracked 
|  28|0x00000000a3600000, 0x00000000a3600000, 0x00000000a3700000|  0%| F|  |TAMS 0x00000000a3600000, 0x00000000a3600000| Untracked 
|  29|0x00000000a3700000, 0x00000000a3700000, 0x00000000a3800000|  0%| F|  |TAMS 0x00000000a3700000, 0x00000000a3700000| Untracked 
|  30|0x00000000a3800000, 0x00000000a3800000, 0x00000000a3900000|  0%| F|  |TAMS 0x00000000a3800000, 0x00000000a3800000| Untracked 
|  31|0x00000000a3900000, 0x00000000a3900000, 0x00000000a3a00000|  0%| F|  |TAMS 0x00000000a3900000, 0x00000000a3900000| Untracked 
|  32|0x00000000a3a00000, 0x00000000a3a00000, 0x00000000a3b00000|  0%| F|  |TAMS 0x00000000a3a00000, 0x00000000a3a00000| Untracked 
|  33|0x00000000a3b00000, 0x00000000a3b00000, 0x00000000a3c00000|  0%| F|  |TAMS 0x00000000a3b00000, 0x00000000a3b00000| Untracked 
|  34|0x00000000a3c00000, 0x00000000a3c00000, 0x00000000a3d00000|  0%| F|  |TAMS 0x00000000a3c00000, 0x00000000a3c00000| Untracked 
|  35|0x00000000a3d00000, 0x00000000a3d00000, 0x00000000a3e00000|  0%| F|  |TAMS 0x00000000a3d00000, 0x00000000a3d00000| Untracked 
|  36|0x00000000a3e00000, 0x00000000a3e00000, 0x00000000a3f00000|  0%| F|  |TAMS 0x00000000a3e00000, 0x00000000a3e00000| Untracked 
|  37|0x00000000a3f00000, 0x00000000a3f00000, 0x00000000a4000000|  0%| F|  |TAMS 0x00000000a3f00000, 0x00000000a3f00000| Untracked 
|  38|0x00000000a4000000, 0x00000000a4000000, 0x00000000a4100000|  0%| F|  |TAMS 0x00000000a4000000, 0x00000000a4000000| Untracked 
|  39|0x00000000a4100000, 0x00000000a4100000, 0x00000000a4200000|  0%| F|  |TAMS 0x00000000a4100000, 0x00000000a4100000| Untracked 
|  40|0x00000000a4200000, 0x00000000a4200000, 0x00000000a4300000|  0%| F|  |TAMS 0x00000000a4200000, 0x00000000a4200000| Untracked 
|  41|0x00000000a4300000, 0x00000000a4300000, 0x00000000a4400000|  0%| F|  |TAMS 0x00000000a4300000, 0x00000000a4300000| Untracked 
|  42|0x00000000a4400000, 0x00000000a4400000, 0x00000000a4500000|  0%| F|  |TAMS 0x00000000a4400000, 0x00000000a4400000| Untracked 
|  43|0x00000000a4500000, 0x00000000a4500000, 0x00000000a4600000|  0%| F|  |TAMS 0x00000000a4500000, 0x00000000a4500000| Untracked 
|  44|0x00000000a4600000, 0x00000000a4600000, 0x00000000a4700000|  0%| F|  |TAMS 0x00000000a4600000, 0x00000000a4600000| Untracked 
|  45|0x00000000a4700000, 0x00000000a4700000, 0x00000000a4800000|  0%| F|  |TAMS 0x00000000a4700000, 0x00000000a4700000| Untracked 
|  46|0x00000000a4800000, 0x00000000a4800000, 0x00000000a4900000|  0%| F|  |TAMS 0x00000000a4800000, 0x00000000a4800000| Untracked 
|  47|0x00000000a4900000, 0x00000000a4900000, 0x00000000a4a00000|  0%| F|  |TAMS 0x00000000a4900000, 0x00000000a4900000| Untracked 
|  48|0x00000000a4a00000, 0x00000000a4a00000, 0x00000000a4b00000|  0%| F|  |TAMS 0x00000000a4a00000, 0x00000000a4a00000| Untracked 
|  49|0x00000000a4b00000, 0x00000000a4b00000, 0x00000000a4c00000|  0%| F|  |TAMS 0x00000000a4b00000, 0x00000000a4b00000| Untracked 
|  50|0x00000000a4c00000, 0x00000000a4c00000, 0x00000000a4d00000|  0%| F|  |TAMS 0x00000000a4c00000, 0x00000000a4c00000| Untracked 
|  51|0x00000000a4d00000, 0x00000000a4d00000, 0x00000000a4e00000|  0%| F|  |TAMS 0x00000000a4d00000, 0x00000000a4d00000| Untracked 
|  52|0x00000000a4e00000, 0x00000000a4e00000, 0x00000000a4f00000|  0%| F|  |TAMS 0x00000000a4e00000, 0x00000000a4e00000| Untracked 
|  53|0x00000000a4f00000, 0x00000000a4f00000, 0x00000000a5000000|  0%| F|  |TAMS 0x00000000a4f00000, 0x00000000a4f00000| Untracked 
|  54|0x00000000a5000000, 0x00000000a5000000, 0x00000000a5100000|  0%| F|  |TAMS 0x00000000a5000000, 0x00000000a5000000| Untracked 
|  55|0x00000000a5100000, 0x00000000a5100000, 0x00000000a5200000|  0%| F|  |TAMS 0x00000000a5100000, 0x00000000a5100000| Untracked 
|  56|0x00000000a5200000, 0x00000000a5200000, 0x00000000a5300000|  0%| F|  |TAMS 0x00000000a5200000, 0x00000000a5200000| Untracked 
|  57|0x00000000a5300000, 0x00000000a5300000, 0x00000000a5400000|  0%| F|  |TAMS 0x00000000a5300000, 0x00000000a5300000| Untracked 
|  58|0x00000000a5400000, 0x00000000a5400000, 0x00000000a5500000|  0%| F|  |TAMS 0x00000000a5400000, 0x00000000a5400000| Untracked 
|  59|0x00000000a5500000, 0x00000000a5500000, 0x00000000a5600000|  0%| F|  |TAMS 0x00000000a5500000, 0x00000000a5500000| Untracked 
|  60|0x00000000a5600000, 0x00000000a5600000, 0x00000000a5700000|  0%| F|  |TAMS 0x00000000a5600000, 0x00000000a5600000| Untracked 
|  61|0x00000000a5700000, 0x00000000a5700000, 0x00000000a5800000|  0%| F|  |TAMS 0x00000000a5700000, 0x00000000a5700000| Untracked 
|  62|0x00000000a5800000, 0x00000000a5800000, 0x00000000a5900000|  0%| F|  |TAMS 0x00000000a5800000, 0x00000000a5800000| Untracked 
|  63|0x00000000a5900000, 0x00000000a5900000, 0x00000000a5a00000|  0%| F|  |TAMS 0x00000000a5900000, 0x00000000a5900000| Untracked 
|  64|0x00000000a5a00000, 0x00000000a5a00000, 0x00000000a5b00000|  0%| F|  |TAMS 0x00000000a5a00000, 0x00000000a5a00000| Untracked 
|  65|0x00000000a5b00000, 0x00000000a5b00000, 0x00000000a5c00000|  0%| F|  |TAMS 0x00000000a5b00000, 0x00000000a5b00000| Untracked 
|  66|0x00000000a5c00000, 0x00000000a5c00000, 0x00000000a5d00000|  0%| F|  |TAMS 0x00000000a5c00000, 0x00000000a5c00000| Untracked 
|  67|0x00000000a5d00000, 0x00000000a5d00000, 0x00000000a5e00000|  0%| F|  |TAMS 0x00000000a5d00000, 0x00000000a5d00000| Untracked 
|  68|0x00000000a5e00000, 0x00000000a5e00000, 0x00000000a5f00000|  0%| F|  |TAMS 0x00000000a5e00000, 0x00000000a5e00000| Untracked 
|  69|0x00000000a5f00000, 0x00000000a5f00000, 0x00000000a6000000|  0%| F|  |TAMS 0x00000000a5f00000, 0x00000000a5f00000| Untracked 
|  70|0x00000000a6000000, 0x00000000a6000000, 0x00000000a6100000|  0%| F|  |TAMS 0x00000000a6000000, 0x00000000a6000000| Untracked 
|  71|0x00000000a6100000, 0x00000000a6100000, 0x00000000a6200000|  0%| F|  |TAMS 0x00000000a6100000, 0x00000000a6100000| Untracked 
|  72|0x00000000a6200000, 0x00000000a6200000, 0x00000000a6300000|  0%| F|  |TAMS 0x00000000a6200000, 0x00000000a6200000| Untracked 
|  73|0x00000000a6300000, 0x00000000a6300000, 0x00000000a6400000|  0%| F|  |TAMS 0x00000000a6300000, 0x00000000a6300000| Untracked 
|  74|0x00000000a6400000, 0x00000000a6400000, 0x00000000a6500000|  0%| F|  |TAMS 0x00000000a6400000, 0x00000000a6400000| Untracked 
|  75|0x00000000a6500000, 0x00000000a6500000, 0x00000000a6600000|  0%| F|  |TAMS 0x00000000a6500000, 0x00000000a6500000| Untracked 
|  76|0x00000000a6600000, 0x00000000a6600000, 0x00000000a6700000|  0%| F|  |TAMS 0x00000000a6600000, 0x00000000a6600000| Untracked 
|  77|0x00000000a6700000, 0x00000000a6700000, 0x00000000a6800000|  0%| F|  |TAMS 0x00000000a6700000, 0x00000000a6700000| Untracked 
|  78|0x00000000a6800000, 0x00000000a6800000, 0x00000000a6900000|  0%| F|  |TAMS 0x00000000a6800000, 0x00000000a6800000| Untracked 
|  79|0x00000000a6900000, 0x00000000a6900000, 0x00000000a6a00000|  0%| F|  |TAMS 0x00000000a6900000, 0x00000000a6900000| Untracked 
|  80|0x00000000a6a00000, 0x00000000a6a00000, 0x00000000a6b00000|  0%| F|  |TAMS 0x00000000a6a00000, 0x00000000a6a00000| Untracked 
|  81|0x00000000a6b00000, 0x00000000a6b00000, 0x00000000a6c00000|  0%| F|  |TAMS 0x00000000a6b00000, 0x00000000a6b00000| Untracked 
|  82|0x00000000a6c00000, 0x00000000a6c00000, 0x00000000a6d00000|  0%| F|  |TAMS 0x00000000a6c00000, 0x00000000a6c00000| Untracked 
|  83|0x00000000a6d00000, 0x00000000a6da4370, 0x00000000a6e00000| 64%| E|  |TAMS 0x00000000a6d00000, 0x00000000a6d00000| Complete 
|  84|0x00000000a6e00000, 0x00000000a6f00000, 0x00000000a6f00000|100%| E|CS|TAMS 0x00000000a6e00000, 0x00000000a6e00000| Complete 
|  85|0x00000000a6f00000, 0x00000000a7000000, 0x00000000a7000000|100%| E|CS|TAMS 0x00000000a6f00000, 0x00000000a6f00000| Complete 
|  86|0x00000000a7000000, 0x00000000a7100000, 0x00000000a7100000|100%| E|CS|TAMS 0x00000000a7000000, 0x00000000a7000000| Complete 
|  87|0x00000000a7100000, 0x00000000a7200000, 0x00000000a7200000|100%| E|CS|TAMS 0x00000000a7100000, 0x00000000a7100000| Complete 
|  88|0x00000000a7200000, 0x00000000a7300000, 0x00000000a7300000|100%| E|CS|TAMS 0x00000000a7200000, 0x00000000a7200000| Complete 
|  89|0x00000000a7300000, 0x00000000a7400000, 0x00000000a7400000|100%| S|CS|TAMS 0x00000000a7300000, 0x00000000a7300000| Complete 
|  90|0x00000000a7400000, 0x00000000a7500000, 0x00000000a7500000|100%| E|CS|TAMS 0x00000000a7400000, 0x00000000a7400000| Complete 
|  91|0x00000000a7500000, 0x00000000a7600000, 0x00000000a7600000|100%| E|CS|TAMS 0x00000000a7500000, 0x00000000a7500000| Complete 
|  92|0x00000000a7600000, 0x00000000a7700000, 0x00000000a7700000|100%| E|CS|TAMS 0x00000000a7600000, 0x00000000a7600000| Complete 
|  93|0x00000000a7700000, 0x00000000a7800000, 0x00000000a7800000|100%| E|CS|TAMS 0x00000000a7700000, 0x00000000a7700000| Complete 
|  94|0x00000000a7800000, 0x00000000a7900000, 0x00000000a7900000|100%| E|CS|TAMS 0x00000000a7800000, 0x00000000a7800000| Complete 
|  95|0x00000000a7900000, 0x00000000a7a00000, 0x00000000a7a00000|100%| E|CS|TAMS 0x00000000a7900000, 0x00000000a7900000| Complete 

Card table byte_map: [0x0000011477eb0000,0x00000114781b0000] _byte_map_base: 0x00000114779a3000

Marking Bits (Prev, Next): (CMBitMap*) 0x0000011460098748, (CMBitMap*) 0x0000011460098780
 Prev Bits: [0x00000114784b0000, 0x0000011479c48000)
 Next Bits: [0x0000011479c50000, 0x000001147b3e8000)

Polling page: 0x000001145e670000

Metaspace:

Usage:
  Non-class:     12.15 MB capacity,    11.92 MB ( 98%) used,   208.91 KB (  2%) free+waste,    31.44 KB ( <1%) overhead. 
      Class:      1.50 MB capacity,     1.38 MB ( 92%) used,   103.23 KB (  7%) free+waste,    15.31 KB ( <1%) overhead. 
       Both:     13.65 MB capacity,    13.30 MB ( 97%) used,   312.14 KB (  2%) free+waste,    46.75 KB ( <1%) overhead. 

Virtual space:
  Non-class space:       14.00 MB reserved,      12.25 MB ( 88%) committed 
      Class space:        1.00 GB reserved,       1.50 MB ( <1%) committed 
             Both:        1.01 GB reserved,      13.75 MB (  1%) committed 

Chunk freelists:
   Non-Class:  4.63 KB
       Class:  0 bytes
        Both:  4.63 KB

CodeHeap 'non-profiled nmethods': size=238912Kb used=1472Kb max_used=1472Kb free=237440Kb
 bounds [0x0000011468c40000, 0x0000011468eb0000, 0x0000011477590000]
CodeHeap 'non-nmethods': size=6848Kb used=1110Kb max_used=1110Kb free=5737Kb
 bounds [0x0000011468590000, 0x0000011468800000, 0x0000011468c40000]
 total_blobs=1507 nmethods=1078 adapters=339
 compilation: enabled
              stopped_count=0, restarted_count=0
 full_count=0

Compilation events (10 events):
Event: 1.615 Thread 0x000001147e152800 1069       1       java.lang.invoke.ClassSpecializer$Factory::chooseFieldName (32 bytes)
Event: 1.615 Thread 0x000001147e152800 nmethod 1069 0x0000011468daac10 code [0x0000011468daae20, 0x0000011468dab240]
Event: 1.615 Thread 0x000001147e152800 1072       1       java.lang.invoke.MethodHandles$Lookup::checkField (56 bytes)
Event: 1.615 Thread 0x000001147e152800 nmethod 1072 0x0000011468dab890 code [0x0000011468daba40, 0x0000011468dabc20]
Event: 1.616 Thread 0x000001147e152800 1076   !   1       java.util.concurrent.ConcurrentHashMap::computeIfAbsent (576 bytes)
Event: 1.618 Thread 0x000001147e152800 nmethod 1076 0x0000011468dabd10 code [0x0000011468dac020, 0x0000011468dad5f0]
Event: 1.619 Thread 0x000001147e152800 1078  s!   1       jdk.internal.loader.URLClassPath::getLoader (194 bytes)
Event: 1.620 Thread 0x000001147e152800 nmethod 1078 0x0000011468dae290 code [0x0000011468dae540, 0x0000011468daf2d0]
Event: 1.620 Thread 0x000001147e152800 1077       1       java.lang.invoke.LambdaForm$MH/0x00000001000ae440::invoke (31 bytes)
Event: 1.620 Thread 0x000001147e152800 nmethod 1077 0x0000011468dafb90 code [0x0000011468dafd40, 0x0000011468dafee0]

GC Heap History (4 events):
Event: 0.647 GC heap before
{Heap before GC invocations=0 (full 0):
 garbage-first heap   total 98304K, used 14336K [0x00000000a1a00000, 0x0000000100000000)
  region size 1024K, 14 young (14336K), 0 survivors (0K)
 Metaspace       used 6088K, capacity 6174K, committed 6272K, reserved 1056768K
  class space    used 538K, capacity 567K, committed 640K, reserved 1048576K
}
Event: 0.654 GC heap after
{Heap after GC invocations=1 (full 0):
 garbage-first heap   total 98304K, used 11999K [0x00000000a1a00000, 0x0000000100000000)
  region size 1024K, 2 young (2048K), 2 survivors (2048K)
 Metaspace       used 6088K, capacity 6174K, committed 6272K, reserved 1056768K
  class space    used 538K, capacity 567K, committed 640K, reserved 1048576K
}
Event: 0.728 GC heap before
{Heap before GC invocations=1 (full 0):
 garbage-first heap   total 98304K, used 17119K [0x00000000a1a00000, 0x0000000100000000)
  region size 1024K, 8 young (8192K), 2 survivors (2048K)
 Metaspace       used 6815K, capacity 6881K, committed 7040K, reserved 1056768K
  class space    used 612K, capacity 632K, committed 640K, reserved 1048576K
}
Event: 0.733 GC heap after
{Heap after GC invocations=2 (full 0):
 garbage-first heap   total 98304K, used 18428K [0x00000000a1a00000, 0x0000000100000000)
  region size 1024K, 1 young (1024K), 1 survivors (1024K)
 Metaspace       used 6815K, capacity 6881K, committed 7040K, reserved 1056768K
  class space    used 612K, capacity 632K, committed 640K, reserved 1048576K
}

Deoptimization events (0 events):
No events

Classes redefined (0 events):
No events

Internal exceptions (10 events):
Event: 1.004 Thread 0x000001145e88d800 Exception <a 'java/lang/NoSuchMethodError'{0x00000000a76eb330}: java.lang.invoke.DirectMethodHandle$Holder.invokeStaticInit(Ljava/lang/Object;IIII)Ljava/lang/Object;> (0x00000000a76eb330) thrown at [./open/src/hotspot/share/interpreter/linkResolver.cpp, l
Event: 1.529 Thread 0x000001145e88d800 Exception <a 'java/lang/NoSuchMethodError'{0x00000000a75b0ab8}: java.lang.invoke.DirectMethodHandle$Holder.invokeStatic(Ljava/lang/Object;Ljava/lang/Object;IIII)Ljava/lang/Object;> (0x00000000a75b0ab8) thrown at [./open/src/hotspot/share/interpreter/linkR
Event: 1.529 Thread 0x000001145e88d800 Exception <a 'java/lang/NoSuchMethodError'{0x00000000a75b3e00}: java.lang.invoke.DirectMethodHandle$Holder.invokeStaticInit(Ljava/lang/Object;Ljava/lang/Object;IIII)Ljava/lang/Object;> (0x00000000a75b3e00) thrown at [./open/src/hotspot/share/interpreter/l
Event: 1.541 Thread 0x000001145e88d800 Exception <a 'java/lang/ClassNotFoundException'{0x00000000a75d1360}: javax/management/remote/rmi/RMIServerImpl_Skel> (0x00000000a75d1360) thrown at [./open/src/hotspot/share/classfile/systemDictionary.cpp, line 228]
Event: 1.606 Thread 0x000001145e88d800 Exception <a 'java/lang/ClassNotFoundException'{0x00000000a748c358}: jdk/internal/agent/resources/spi/agentProvider> (0x00000000a748c358) thrown at [./open/src/hotspot/share/classfile/systemDictionary.cpp, line 228]
Event: 1.613 Thread 0x000001145e88d800 Exception <a 'java/lang/NoSuchMethodError'{0x00000000a74e1cf0}: java.lang.invoke.DirectMethodHandle$Holder.invokeStatic(Ljava/lang/Object;Ljava/lang/Object;Ljava/lang/Object;Ljava/lang/Object;Ljava/lang/Object;Ljava/lang/Object;Ljava/lang/Object;Ljava/lan
Event: 1.614 Thread 0x000001145e88d800 Exception <a 'java/lang/NoSuchMethodError'{0x00000000a74ee510}: java.lang.invoke.DirectMethodHandle$Holder.invokeStatic(Ljava/lang/Object;Ljava/lang/Object;Ljava/lang/Object;Ljava/lang/Object;Ljava/lang/Object;Ljava/lang/Object;Ljava/lang/Object;Ljava/lan
Event: 1.616 Thread 0x000001145e88d800 Exception <a 'java/lang/NoSuchMethodError'{0x00000000a7208470}: java.lang.invoke.DelegatingMethodHandle$Holder.reinvoke_L(Ljava/lang/Object;ILjava/lang/Object;)Ljava/lang/Object;> (0x00000000a7208470) thrown at [./open/src/hotspot/share/interpreter/linkRe
Event: 1.654 Thread 0x000001145e88d800 Exception <a 'java/lang/ClassNotFoundException'{0x00000000a71dcac0}: javax/smartcardio/CardPermission> (0x00000000a71dcac0) thrown at [./open/src/hotspot/share/classfile/systemDictionary.cpp, line 228]
Event: 1.657 Thread 0x000001145e88d800 Exception <a 'java/io/FileNotFoundException'{0x00000000a71eae98}> (0x00000000a71eae98) thrown at [./open/src/hotspot/share/prims/jni.cpp, line 611]

Events (10 events):
Event: 1.706 loading class ch/qos/logback/classic/pattern/ThrowableHandlingConverter
Event: 1.706 loading class ch/qos/logback/classic/pattern/ThrowableHandlingConverter done
Event: 1.706 loading class ch/qos/logback/classic/pattern/ClassicConverter
Event: 1.706 loading class ch/qos/logback/classic/pattern/ClassicConverter done
Event: 1.706 loading class ch/qos/logback/core/pattern/DynamicConverter
Event: 1.706 loading class ch/qos/logback/core/pattern/DynamicConverter done
Event: 1.706 loading class ch/qos/logback/core/pattern/FormattingConverter
Event: 1.706 loading class ch/qos/logback/core/pattern/FormattingConverter done
Event: 1.707 loading class ch/qos/logback/core/pattern/Converter
Event: 1.707 loading class ch/qos/logback/core/pattern/Converter done


Dynamic libraries:
0x00007ff74f640000 - 0x00007ff74f687000 	C:\Program Files\Java\jdk-11.0.7\bin\javaw.exe
0x00007ff850c40000 - 0x00007ff850e30000 	C:\WINDOWS\SYSTEM32\ntdll.dll
0x00007ff8506f0000 - 0x00007ff8507a2000 	C:\WINDOWS\System32\KERNEL32.DLL
0x00007ff84dd20000 - 0x00007ff84dfc4000 	C:\WINDOWS\System32\KERNELBASE.dll
0x00007ff84bd70000 - 0x00007ff84bdff000 	C:\WINDOWS\SYSTEM32\apphelp.dll
0x00007ff8000b0000 - 0x00007ff800542000 	C:\WINDOWS\SYSTEM32\AcLayers.DLL
0x00007ff850860000 - 0x00007ff8508fe000 	C:\WINDOWS\System32\msvcrt.dll
0x00007ff850a60000 - 0x00007ff850bf4000 	C:\WINDOWS\System32\USER32.dll
0x00007ff84e800000 - 0x00007ff84e821000 	C:\WINDOWS\System32\win32u.dll
0x00007ff850820000 - 0x00007ff850846000 	C:\WINDOWS\System32\GDI32.dll
0x00007ff84eb50000 - 0x00007ff84ece5000 	C:\WINDOWS\System32\gdi32full.dll
0x00007ff84dc80000 - 0x00007ff84dd1e000 	C:\WINDOWS\System32\msvcp_win.dll
0x00007ff84e980000 - 0x00007ff84ea7a000 	C:\WINDOWS\System32\ucrtbase.dll
0x00007ff84ed90000 - 0x00007ff84ede2000 	C:\WINDOWS\System32\SHLWAPI.dll
0x00007ff84ef50000 - 0x00007ff84f285000 	C:\WINDOWS\System32\combase.dll
0x00007ff850420000 - 0x00007ff850540000 	C:\WINDOWS\System32\RPCRT4.dll
0x00007ff84ead0000 - 0x00007ff84eb50000 	C:\WINDOWS\System32\bcryptPrimitives.dll
0x00007ff850100000 - 0x00007ff8501a3000 	C:\WINDOWS\System32\ADVAPI32.dll
0x00007ff84ecf0000 - 0x00007ff84ed87000 	C:\WINDOWS\System32\sechost.dll
0x000001145e4c0000 - 0x000001145e4c3000 	C:\WINDOWS\SYSTEM32\sfc.dll
0x00007ff844ae0000 - 0x00007ff844b69000 	C:\WINDOWS\SYSTEM32\WINSPOOL.DRV
0x00007ff84db10000 - 0x00007ff84db21000 	C:\WINDOWS\System32\kernel.appcore.dll
0x00007ff84dfd0000 - 0x00007ff84dff6000 	C:\WINDOWS\System32\bcrypt.dll
0x00007ff84ab50000 - 0x00007ff84ac40000 	C:\WINDOWS\SYSTEM32\PROPSYS.dll
0x00007ff84f980000 - 0x00007ff84fa45000 	C:\WINDOWS\System32\OLEAUT32.dll
0x00007ff850220000 - 0x00007ff8502c9000 	C:\WINDOWS\System32\shcore.dll
0x00007ff84cfd0000 - 0x00007ff84d00a000 	C:\WINDOWS\SYSTEM32\IPHLPAPI.DLL
0x00007ff846d10000 - 0x00007ff846d21000 	C:\WINDOWS\SYSTEM32\sfc_os.DLL
0x00007ff850a30000 - 0x00007ff850a5e000 	C:\WINDOWS\System32\IMM32.DLL
0x00007ff84d590000 - 0x00007ff84d5c6000 	C:\WINDOWS\system32\DriverStore\FileRepository\nvdmi.inf_amd64_b79991c48f5211ac\nvinitx.dll
0x00007ff84d580000 - 0x00007ff84d58a000 	C:\WINDOWS\SYSTEM32\VERSION.dll
0x00007ff84f290000 - 0x00007ff84f976000 	C:\WINDOWS\System32\Shell32.dll
0x00007ff84ea80000 - 0x00007ff84eaca000 	C:\WINDOWS\System32\cfgmgr32.dll
0x00007ff84e000000 - 0x00007ff84e780000 	C:\WINDOWS\System32\windows.storage.dll
0x00007ff84dba0000 - 0x00007ff84dbc3000 	C:\WINDOWS\System32\profapi.dll
0x00007ff84db50000 - 0x00007ff84db9a000 	C:\WINDOWS\System32\powrprof.dll
0x00007ff84db00000 - 0x00007ff84db10000 	C:\WINDOWS\System32\UMPDC.dll
0x00007ff84e780000 - 0x00007ff84e797000 	C:\WINDOWS\System32\cryptsp.dll
0x000000005f210000 - 0x000000005f216000 	C:\Program Files\NVIDIA Corporation\CoProcManager\_etoured.dll
0x00007ff8468b0000 - 0x00007ff8468f3000 	C:\Program Files\NVIDIA Corporation\CoProcManager\nvd3d9wrapx.dll
0x00007ff84fb50000 - 0x00007ff84ffc0000 	C:\WINDOWS\System32\SETUPAPI.dll
0x00007ff84c720000 - 0x00007ff84c740000 	C:\WINDOWS\SYSTEM32\dxcore.dll
0x00007ff846880000 - 0x00007ff8468ad000 	C:\Program Files\NVIDIA Corporation\CoProcManager\nvdxgiwrapx.dll
0x00007ff8437f0000 - 0x00007ff843a74000 	C:\WINDOWS\WinSxS\amd64_microsoft.windows.common-controls_6595b64144ccf1df_6.0.18362.900_none_e6beb9d913147d17\COMCTL32.dll
0x00007ff8286b0000 - 0x00007ff8286c6000 	C:\Program Files\Java\jdk-11.0.7\bin\vcruntime140.dll
0x00007ff81c740000 - 0x00007ff81c7ea000 	C:\Program Files\Java\jdk-11.0.7\bin\msvcp140.dll
0x00007ff80c470000 - 0x00007ff80cfd1000 	C:\Program Files\Java\jdk-11.0.7\bin\server\jvm.dll
0x00007ff84fae0000 - 0x00007ff84fae8000 	C:\WINDOWS\System32\PSAPI.DLL
0x00007ff81a800000 - 0x00007ff81a809000 	C:\WINDOWS\SYSTEM32\WSOCK32.dll
0x00007ff84b110000 - 0x00007ff84b134000 	C:\WINDOWS\SYSTEM32\WINMM.dll
0x00007ff84fa70000 - 0x00007ff84fadf000 	C:\WINDOWS\System32\WS2_32.dll
0x00007ff84b0e0000 - 0x00007ff84b10d000 	C:\WINDOWS\SYSTEM32\winmmbase.dll
0x00007ff847f00000 - 0x00007ff847f11000 	C:\Program Files\Java\jdk-11.0.7\bin\verify.dll
0x00007ff83f4a0000 - 0x00007ff83f694000 	C:\WINDOWS\SYSTEM32\DBGHELP.DLL
0x00007ff83f320000 - 0x00007ff83f34a000 	C:\WINDOWS\SYSTEM32\dbgcore.DLL
0x00007ff839990000 - 0x00007ff8399b9000 	C:\Program Files\Java\jdk-11.0.7\bin\java.dll
0x00007ff849c50000 - 0x00007ff849c5a000 	C:\Program Files\Java\jdk-11.0.7\bin\jimage.dll
0x00007ff8357c0000 - 0x00007ff8357d6000 	C:\Program Files\Java\jdk-11.0.7\bin\zip.dll
0x00007ff8357a0000 - 0x00007ff8357b9000 	C:\Program Files\Java\jdk-11.0.7\bin\net.dll
0x00007ff8470d0000 - 0x00007ff8471c0000 	C:\WINDOWS\SYSTEM32\WINHTTP.dll
0x00007ff84d320000 - 0x00007ff84d387000 	C:\WINDOWS\system32\mswsock.dll
0x00007ff82e920000 - 0x00007ff82e933000 	C:\Program Files\Java\jdk-11.0.7\bin\nio.dll
0x00007ff8442d0000 - 0x00007ff8442d9000 	C:\Program Files\Java\jdk-11.0.7\bin\management.dll
0x00007ff8441d0000 - 0x00007ff8441dc000 	C:\Program Files\Java\jdk-11.0.7\bin\management_ext.dll
0x00007ff83ec90000 - 0x00007ff83eca6000 	C:\WINDOWS\system32\napinsp.dll
0x00007ff83e2a0000 - 0x00007ff83e2ba000 	C:\WINDOWS\system32\pnrpnsp.dll
0x00007ff84d060000 - 0x00007ff84d12b000 	C:\WINDOWS\SYSTEM32\DNSAPI.dll
0x00007ff8501b0000 - 0x00007ff8501b8000 	C:\WINDOWS\System32\NSI.dll
0x00007ff83e290000 - 0x00007ff83e29e000 	C:\WINDOWS\System32\winrnr.dll
0x00007ff8495c0000 - 0x00007ff8495dc000 	C:\WINDOWS\system32\NLAapi.dll
0x00007ff83e270000 - 0x00007ff83e285000 	C:\WINDOWS\system32\wshbth.dll
0x00007ff846f50000 - 0x00007ff846f5a000 	C:\Windows\System32\rasadhlp.dll
0x00007ff8494e0000 - 0x00007ff849557000 	C:\WINDOWS\System32\fwpuclnt.dll
0x00007ff84ce30000 - 0x00007ff84ce63000 	C:\WINDOWS\system32\rsaenh.dll
0x00007ff84da20000 - 0x00007ff84da45000 	C:\WINDOWS\SYSTEM32\USERENV.dll
0x00007ff84d4f0000 - 0x00007ff84d4fc000 	C:\WINDOWS\SYSTEM32\CRYPTBASE.dll
0x00007ff849700000 - 0x00007ff849716000 	C:\WINDOWS\SYSTEM32\dhcpcsvc6.DLL
0x00007ff8496e0000 - 0x00007ff8496fc000 	C:\WINDOWS\SYSTEM32\dhcpcsvc.DLL

dbghelp: loaded successfully - version: 4.0.5 - missing functions: none
symbol engine: initialized successfully - sym options: 0x614 - pdb path: .;C:\Program Files\Java\jdk-11.0.7\bin;C:\WINDOWS\SYSTEM32;C:\WINDOWS\system32\DriverStore\FileRepository\nvdmi.inf_amd64_b79991c48f5211ac;C:\Program Files\NVIDIA Corporation\CoProcManager;C:\WINDOWS\WinSxS\amd64_microsoft.windows.common-controls_6595b64144ccf1df_6.0.18362.900_none_e6beb9d913147d17;C:\Program Files\Java\jdk-11.0.7\bin\server

VM Arguments:
jvm_args: -Dcom.sun.management.jmxremote -Dcom.sun.management.jmxremote.port=50992 -Dcom.sun.management.jmxremote.authenticate=false -Dcom.sun.management.jmxremote.ssl=false -Djava.rmi.server.hostname=localhost -Dspring.jmx.enabled=true -Dspring.application.admin.enabled=true -Xverify:none -XX:TieredStopAtLevel=1 -Dspring.boot.project.name=ecommerce -Dfile.encoding=UTF-8 
java_command: com.rms2307.ecommerce.EcommerceApplication --spring.output.ansi.enabled=always
java_class_path (initial): C:\Users\Robson\Desktop\CURSOS\Java\ws-sts\ecommerce\target\classes;C:\Users\Robson\.m2\repository\org\springframework\boot\spring-boot-starter-web\2.3.1.RELEASE\spring-boot-starter-web-2.3.1.RELEASE.jar;C:\Users\Robson\.m2\repository\org\springframework\boot\spring-boot-starter\2.3.1.RELEASE\spring-boot-starter-2.3.1.RELEASE.jar;C:\Users\Robson\.m2\repository\org\springframework\boot\spring-boot-starter-logging\2.3.1.RELEASE\spring-boot-starter-logging-2.3.1.RELEASE.jar;C:\Users\Robson\.m2\repository\ch\qos\logback\logback-classic\1.2.3\logback-classic-1.2.3.jar;C:\Users\Robson\.m2\repository\ch\qos\logback\logback-core\1.2.3\logback-core-1.2.3.jar;C:\Users\Robson\.m2\repository\org\apache\logging\log4j\log4j-to-slf4j\2.13.3\log4j-to-slf4j-2.13.3.jar;C:\Users\Robson\.m2\repository\org\apache\logging\log4j\log4j-api\2.13.3\log4j-api-2.13.3.jar;C:\Users\Robson\.m2\repository\org\slf4j\jul-to-slf4j\1.7.30\jul-to-slf4j-1.7.30.jar;C:\Users\Robson\.m2\repository\jakarta\annotation\jakarta.annotation-api\1.3.5\jakarta.annotation-api-1.3.5.jar;C:\Users\Robson\.m2\repository\org\yaml\snakeyaml\1.26\snakeyaml-1.26.jar;C:\Users\Robson\.m2\repository\org\springframework\boot\spring-boot-starter-json\2.3.1.RELEASE\spring-boot-starter-json-2.3.1.RELEASE.jar;C:\Users\Robson\.m2\repository\com\fasterxml\jackson\datatype\jackson-datatype-jdk8\2.11.0\jackson-datatype-jdk8-2.11.0.jar;C:\Users\Robson\.m2\repository\com\fasterxml\jackson\datatype\jackson-datatype-jsr310\2.11.0\jackson-datatype-jsr310-2.11.0.jar;C:\Users\Robson\.m2\repository\com\fasterxml\jackson\module\jackson-module-parameter-names\2.11.0\jackson-module-parameter-names-2.11.0.jar;C:\Users\Robson\.m2\repository\org\springframework\boot\spring-boot-starter-tomcat\2.3.1.RELEASE\spring-boot-starter-tomcat-2.3.1.RELEASE.jar;C:\Users\Robson\.m2\repository\org\apache\tomcat\embed\tomcat-embed-core\9.0.36\tomcat-embed-core-9.0.36.jar;C:\Users\Robson\.m2\repository\org\glassfish\jakarta.el\3.0.3\j
Launcher Type: SUN_STANDARD

[Global flags]
     bool BytecodeVerificationLocal                = false                                     {product} {command line}
     bool BytecodeVerificationRemote               = false                                     {product} {command line}
     intx CICompilerCount                          = 3                                         {product} {ergonomic}
     uint ConcGCThreads                            = 1                                         {product} {ergonomic}
     uint G1ConcRefinementThreads                  = 4                                         {product} {ergonomic}
   size_t G1HeapRegionSize                         = 1048576                                   {product} {ergonomic}
    uintx GCDrainStackTargetSize                   = 64                                        {product} {ergonomic}
   size_t InitialHeapSize                          = 100663296                                 {product} {ergonomic}
     bool ManagementServer                         = true                                      {product} {command line}
   size_t MarkStackSize                            = 4194304                                   {product} {ergonomic}
   size_t MaxHeapSize                              = 1583349760                                {product} {ergonomic}
   size_t MaxNewSize                               = 950009856                                 {product} {ergonomic}
   size_t MinHeapDeltaBytes                        = 1048576                                   {product} {ergonomic}
    uintx NonNMethodCodeHeapSize                   = 6973028                                {pd product} {ergonomic}
    uintx NonProfiledCodeHeapSize                  = 244685212                              {pd product} {ergonomic}
    uintx ProfiledCodeHeapSize                     = 0                                      {pd product} {ergonomic}
    uintx ReservedCodeCacheSize                    = 251658240                              {pd product} {ergonomic}
     bool SegmentedCodeCache                       = true                                      {product} {ergonomic}
     intx TieredStopAtLevel                        = 1                                         {product} {command line}
     bool UseCompressedClassPointers               = true                                 {lp64_product} {ergonomic}
     bool UseCompressedOops                        = true                                 {lp64_product} {ergonomic}
     bool UseG1GC                                  = true                                      {product} {ergonomic}
     bool UseLargePagesIndividualAllocation        = false                                  {pd product} {ergonomic}

Logging:
Log output configuration:
 #0: stdout all=warning uptime,level,tags
 #1: stderr all=off uptime,level,tags

Environment Variables:
JAVA_HOME=C:\Program Files\Java\jdk-11.0.7
PATH=C:/Program Files/Java/jdk-11.0.7/bin/server;C:/Program Files/Java/jdk-11.0.7/bin;C:\WINDOWS\system32;C:\WINDOWS;C:\WINDOWS\System32\Wbem;C:\WINDOWS\System32\WindowsPowerShell\v1.0\;C:\Program Files (x86)\Intel\OpenCL SDK\2.0\bin\x86;C:\Program Files (x86)\Intel\OpenCL SDK\2.0\bin\x64;C:\WINDOWS\System32\OpenSSH\;C:\Program Files\nodejs\;C:\Users\Robson\Anaconda3\Scripts;C:\Program Files\Git\cmd;C:\Program Files\Microsoft SQL Server\120\Tools\Binn\;C:\Program Files\Microsoft SQL Server\Client SDK\ODBC\110\Tools\Binn\;C:\Program Files (x86)\Microsoft SQL Server\120\Tools\Binn\;C:\Program Files\Microsoft SQL Server\120\DTS\Binn\;C:\Program Files (x86)\Microsoft SQL Server\120\Tools\Binn\ManagementStudio\;C:\Program Files (x86)\Microsoft SQL Server\120\DTS\Binn\;C:\Program Files (x86)\NVIDIA Corporation\PhysX\Common;C:\Program Files\Java\jdk-11.0.7\bin;C:\Program Files\MongoDB\Server\4.2\bin;C:\xampp\mysql\bin;C:\Users\Robson\AppData\Local\Programs\Python\Python38\Scripts\;C:\Users\Robson\AppData\Local\Programs\Python\Python38\;C:\Users\Robson\AppData\Local\Programs\Python\Python37\Scripts\;C:\Users\Robson\AppData\Local\Programs\Python\Python37\;C:\Users\Robson\AppData\Local\Microsoft\WindowsApps;C:\Users\Robson\AppData\Roaming\npm;C:\Users\Robson\AppData\Local\Programs\Microsoft VS Code\bin;C:\Users\Robson\AppData\Local\Programs\Python\Python37\Scripts;C:\Program Files\heroku\bin;C:\sts-4.6.2.RELEASE;
USERNAME=Robson
OS=Windows_NT
PROCESSOR_IDENTIFIER=Intel64 Family 6 Model 42 Stepping 7, GenuineIntel



---------------  S Y S T E M  ---------------

OS: Windows 10 , 64 bit Build 18362 (10.0.18362.900)

CPU:total 4 (initial active 4) (2 cores per cpu, 2 threads per core) family 6 model 42 stepping 7, cmov, cx8, fxsr, mmx, sse, sse2, sse3, ssse3, sse4.1, sse4.2, popcnt, avx, aes, clmul, ht, tsc, tscinvbit

Memory: 4k page, system-wide physical 6038M (830M free)
TotalPageFile size 9005M (AvailPageFile size 1626M)
current process WorkingSet (physical memory assigned to process): 83M, peak: 83M
current process commit charge ("private bytes"): 190M, peak: 190M

vm_info: Java HotSpot(TM) 64-Bit Server VM (11.0.7+8-LTS) for windows-amd64 JRE (11.0.7+8-LTS), built on Mar 12 2020 02:04:32 by "mach5one" with MS VC++ 15.5 (VS2017)

END.
